<?xml version="1.0" encoding="UTF-8"?>
<testsuite xmlns:xsi="http://www.w3.org/2001/XMLSchema-instance" xsi:noNamespaceSchemaLocation="https://maven.apache.org/surefire/maven-surefire-plugin/xsd/surefire-test-report-3.0.xsd" version="3.0" name="com.wearltnow.controller.UserControllerTest" time="1.768" tests="2" errors="0" skipped="0" failures="0">
  <properties>
    <property name="java.specification.version" value="23"/>
    <property name="sun.cpu.isalist" value="amd64"/>
    <property name="sun.jnu.encoding" value="Cp1252"/>
    <property name="java.class.path" value="H:\Tien\WearItNow\WearItNow-BackEnd\target\test-classes;H:\Tien\WearItNow\WearItNow-BackEnd\target\classes;C:\Users\ASUS\.m2\repository\org\springframework\boot\spring-boot-starter-web\3.3.4\spring-boot-starter-web-3.3.4.jar;C:\Users\ASUS\.m2\repository\org\springframework\boot\spring-boot-starter\3.3.4\spring-boot-starter-3.3.4.jar;C:\Users\ASUS\.m2\repository\org\springframework\boot\spring-boot-starter-logging\3.3.4\spring-boot-starter-logging-3.3.4.jar;C:\Users\ASUS\.m2\repository\ch\qos\logback\logback-classic\1.5.8\logback-classic-1.5.8.jar;C:\Users\ASUS\.m2\repository\ch\qos\logback\logback-core\1.5.8\logback-core-1.5.8.jar;C:\Users\ASUS\.m2\repository\org\apache\logging\log4j\log4j-to-slf4j\2.23.1\log4j-to-slf4j-2.23.1.jar;C:\Users\ASUS\.m2\repository\org\slf4j\jul-to-slf4j\2.0.16\jul-to-slf4j-2.0.16.jar;C:\Users\ASUS\.m2\repository\org\yaml\snakeyaml\2.2\snakeyaml-2.2.jar;C:\Users\ASUS\.m2\repository\org\springframework\boot\spring-boot-starter-json\3.3.4\spring-boot-starter-json-3.3.4.jar;C:\Users\ASUS\.m2\repository\com\fasterxml\jackson\datatype\jackson-datatype-jdk8\2.17.2\jackson-datatype-jdk8-2.17.2.jar;C:\Users\ASUS\.m2\repository\com\fasterxml\jackson\module\jackson-module-parameter-names\2.17.2\jackson-module-parameter-names-2.17.2.jar;C:\Users\ASUS\.m2\repository\org\springframework\spring-web\6.1.13\spring-web-6.1.13.jar;C:\Users\ASUS\.m2\repository\org\springframework\spring-beans\6.1.13\spring-beans-6.1.13.jar;C:\Users\ASUS\.m2\repository\io\micrometer\micrometer-observation\1.13.4\micrometer-observation-1.13.4.jar;C:\Users\ASUS\.m2\repository\io\micrometer\micrometer-commons\1.13.4\micrometer-commons-1.13.4.jar;C:\Users\ASUS\.m2\repository\org\springframework\spring-webmvc\6.1.13\spring-webmvc-6.1.13.jar;C:\Users\ASUS\.m2\repository\org\springframework\spring-aop\6.1.13\spring-aop-6.1.13.jar;C:\Users\ASUS\.m2\repository\org\springframework\spring-context\6.1.13\spring-context-6.1.13.jar;C:\Users\ASUS\.m2\repository\org\springframework\spring-expression\6.1.13\spring-expression-6.1.13.jar;C:\Users\ASUS\.m2\repository\org\springframework\boot\spring-boot-starter-validation\3.3.4\spring-boot-starter-validation-3.3.4.jar;C:\Users\ASUS\.m2\repository\org\apache\tomcat\embed\tomcat-embed-el\10.1.30\tomcat-embed-el-10.1.30.jar;C:\Users\ASUS\.m2\repository\org\hibernate\validator\hibernate-validator\8.0.1.Final\hibernate-validator-8.0.1.Final.jar;C:\Users\ASUS\.m2\repository\jakarta\validation\jakarta.validation-api\3.0.2\jakarta.validation-api-3.0.2.jar;C:\Users\ASUS\.m2\repository\org\jboss\logging\jboss-logging\3.5.3.Final\jboss-logging-3.5.3.Final.jar;C:\Users\ASUS\.m2\repository\com\fasterxml\classmate\1.7.0\classmate-1.7.0.jar;C:\Users\ASUS\.m2\repository\org\springframework\boot\spring-boot-starter-data-jpa\3.3.4\spring-boot-starter-data-jpa-3.3.4.jar;C:\Users\ASUS\.m2\repository\org\springframework\boot\spring-boot-starter-aop\3.3.4\spring-boot-starter-aop-3.3.4.jar;C:\Users\ASUS\.m2\repository\org\aspectj\aspectjweaver\1.9.22.1\aspectjweaver-1.9.22.1.jar;C:\Users\ASUS\.m2\repository\org\springframework\boot\spring-boot-starter-jdbc\3.3.4\spring-boot-starter-jdbc-3.3.4.jar;C:\Users\ASUS\.m2\repository\com\zaxxer\HikariCP\5.1.0\HikariCP-5.1.0.jar;C:\Users\ASUS\.m2\repository\org\springframework\spring-jdbc\6.1.13\spring-jdbc-6.1.13.jar;C:\Users\ASUS\.m2\repository\org\hibernate\orm\hibernate-core\6.5.3.Final\hibernate-core-6.5.3.Final.jar;C:\Users\ASUS\.m2\repository\jakarta\persistence\jakarta.persistence-api\3.1.0\jakarta.persistence-api-3.1.0.jar;C:\Users\ASUS\.m2\repository\jakarta\transaction\jakarta.transaction-api\2.0.1\jakarta.transaction-api-2.0.1.jar;C:\Users\ASUS\.m2\repository\org\hibernate\common\hibernate-commons-annotations\6.0.6.Final\hibernate-commons-annotations-6.0.6.Final.jar;C:\Users\ASUS\.m2\repository\io\smallrye\jandex\3.1.2\jandex-3.1.2.jar;C:\Users\ASUS\.m2\repository\net\bytebuddy\byte-buddy\1.14.19\byte-buddy-1.14.19.jar;C:\Users\ASUS\.m2\repository\org\glassfish\jaxb\jaxb-runtime\4.0.5\jaxb-runtime-4.0.5.jar;C:\Users\ASUS\.m2\repository\org\glassfish\jaxb\jaxb-core\4.0.5\jaxb-core-4.0.5.jar;C:\Users\ASUS\.m2\repository\org\glassfish\jaxb\txw2\4.0.5\txw2-4.0.5.jar;C:\Users\ASUS\.m2\repository\com\sun\istack\istack-commons-runtime\4.1.2\istack-commons-runtime-4.1.2.jar;C:\Users\ASUS\.m2\repository\jakarta\inject\jakarta.inject-api\2.0.1\jakarta.inject-api-2.0.1.jar;C:\Users\ASUS\.m2\repository\org\antlr\antlr4-runtime\4.13.0\antlr4-runtime-4.13.0.jar;C:\Users\ASUS\.m2\repository\org\springframework\data\spring-data-jpa\3.3.4\spring-data-jpa-3.3.4.jar;C:\Users\ASUS\.m2\repository\org\springframework\data\spring-data-commons\3.3.4\spring-data-commons-3.3.4.jar;C:\Users\ASUS\.m2\repository\org\springframework\spring-orm\6.1.13\spring-orm-6.1.13.jar;C:\Users\ASUS\.m2\repository\org\springframework\spring-tx\6.1.13\spring-tx-6.1.13.jar;C:\Users\ASUS\.m2\repository\org\springframework\spring-aspects\6.1.13\spring-aspects-6.1.13.jar;C:\Users\ASUS\.m2\repository\org\springframework\boot\spring-boot-starter-mail\3.3.4\spring-boot-starter-mail-3.3.4.jar;C:\Users\ASUS\.m2\repository\org\springframework\spring-context-support\6.1.13\spring-context-support-6.1.13.jar;C:\Users\ASUS\.m2\repository\org\eclipse\angus\jakarta.mail\2.0.3\jakarta.mail-2.0.3.jar;C:\Users\ASUS\.m2\repository\jakarta\activation\jakarta.activation-api\2.1.3\jakarta.activation-api-2.1.3.jar;C:\Users\ASUS\.m2\repository\org\eclipse\angus\angus-activation\2.0.2\angus-activation-2.0.2.jar;C:\Users\ASUS\.m2\repository\org\springframework\boot\spring-boot-starter-oauth2-resource-server\3.3.4\spring-boot-starter-oauth2-resource-server-3.3.4.jar;C:\Users\ASUS\.m2\repository\org\springframework\security\spring-security-config\6.3.3\spring-security-config-6.3.3.jar;C:\Users\ASUS\.m2\repository\org\springframework\security\spring-security-core\6.3.3\spring-security-core-6.3.3.jar;C:\Users\ASUS\.m2\repository\org\springframework\security\spring-security-oauth2-resource-server\6.3.3\spring-security-oauth2-resource-server-6.3.3.jar;C:\Users\ASUS\.m2\repository\org\springframework\security\spring-security-oauth2-core\6.3.3\spring-security-oauth2-core-6.3.3.jar;C:\Users\ASUS\.m2\repository\org\springframework\security\spring-security-oauth2-jose\6.3.3\spring-security-oauth2-jose-6.3.3.jar;C:\Users\ASUS\.m2\repository\com\nimbusds\nimbus-jose-jwt\9.37.3\nimbus-jose-jwt-9.37.3.jar;C:\Users\ASUS\.m2\repository\com\github\stephenc\jcip\jcip-annotations\1.0-1\jcip-annotations-1.0-1.jar;C:\Users\ASUS\.m2\repository\org\springframework\boot\spring-boot-starter-oauth2-client\3.3.4\spring-boot-starter-oauth2-client-3.3.4.jar;C:\Users\ASUS\.m2\repository\org\springframework\security\spring-security-oauth2-client\6.3.3\spring-security-oauth2-client-6.3.3.jar;C:\Users\ASUS\.m2\repository\com\nimbusds\oauth2-oidc-sdk\9.43.4\oauth2-oidc-sdk-9.43.4.jar;C:\Users\ASUS\.m2\repository\com\nimbusds\content-type\2.2\content-type-2.2.jar;C:\Users\ASUS\.m2\repository\com\nimbusds\lang-tag\1.7\lang-tag-1.7.jar;C:\Users\ASUS\.m2\repository\org\springframework\boot\spring-boot-starter-websocket\3.3.4\spring-boot-starter-websocket-3.3.4.jar;C:\Users\ASUS\.m2\repository\org\springframework\spring-messaging\6.1.13\spring-messaging-6.1.13.jar;C:\Users\ASUS\.m2\repository\org\springframework\spring-websocket\6.1.13\spring-websocket-6.1.13.jar;C:\Users\ASUS\.m2\repository\org\springframework\boot\spring-boot-starter-data-redis\3.3.4\spring-boot-starter-data-redis-3.3.4.jar;C:\Users\ASUS\.m2\repository\io\lettuce\lettuce-core\6.3.2.RELEASE\lettuce-core-6.3.2.RELEASE.jar;C:\Users\ASUS\.m2\repository\io\netty\netty-common\4.1.113.Final\netty-common-4.1.113.Final.jar;C:\Users\ASUS\.m2\repository\io\netty\netty-handler\4.1.113.Final\netty-handler-4.1.113.Final.jar;C:\Users\ASUS\.m2\repository\io\netty\netty-resolver\4.1.113.Final\netty-resolver-4.1.113.Final.jar;C:\Users\ASUS\.m2\repository\io\netty\netty-buffer\4.1.113.Final\netty-buffer-4.1.113.Final.jar;C:\Users\ASUS\.m2\repository\io\netty\netty-transport-native-unix-common\4.1.113.Final\netty-transport-native-unix-common-4.1.113.Final.jar;C:\Users\ASUS\.m2\repository\io\netty\netty-codec\4.1.113.Final\netty-codec-4.1.113.Final.jar;C:\Users\ASUS\.m2\repository\io\netty\netty-transport\4.1.113.Final\netty-transport-4.1.113.Final.jar;C:\Users\ASUS\.m2\repository\io\projectreactor\reactor-core\3.6.10\reactor-core-3.6.10.jar;C:\Users\ASUS\.m2\repository\org\reactivestreams\reactive-streams\1.0.4\reactive-streams-1.0.4.jar;C:\Users\ASUS\.m2\repository\org\springframework\data\spring-data-redis\3.3.4\spring-data-redis-3.3.4.jar;C:\Users\ASUS\.m2\repository\org\springframework\data\spring-data-keyvalue\3.3.4\spring-data-keyvalue-3.3.4.jar;C:\Users\ASUS\.m2\repository\org\springframework\spring-oxm\6.1.13\spring-oxm-6.1.13.jar;C:\Users\ASUS\.m2\repository\org\springframework\security\spring-security-crypto\6.3.3\spring-security-crypto-6.3.3.jar;C:\Users\ASUS\.m2\repository\com\fasterxml\jackson\core\jackson-databind\2.17.2\jackson-databind-2.17.2.jar;C:\Users\ASUS\.m2\repository\com\fasterxml\jackson\core\jackson-annotations\2.17.2\jackson-annotations-2.17.2.jar;C:\Users\ASUS\.m2\repository\com\fasterxml\jackson\core\jackson-core\2.17.2\jackson-core-2.17.2.jar;C:\Users\ASUS\.m2\repository\com\fasterxml\jackson\datatype\jackson-datatype-jsr310\2.17.2\jackson-datatype-jsr310-2.17.2.jar;C:\Users\ASUS\.m2\repository\com\google\code\gson\gson\2.10.1\gson-2.10.1.jar;C:\Users\ASUS\.m2\repository\org\mapstruct\mapstruct\1.5.3.Final\mapstruct-1.5.3.Final.jar;C:\Users\ASUS\.m2\repository\org\projectlombok\lombok\1.18.32\lombok-1.18.32.jar;C:\Users\ASUS\.m2\repository\com\mysql\mysql-connector-j\8.3.0\mysql-connector-j-8.3.0.jar;C:\Users\ASUS\.m2\repository\redis\clients\jedis\4.4.1\jedis-4.4.1.jar;C:\Users\ASUS\.m2\repository\org\slf4j\slf4j-api\2.0.16\slf4j-api-2.0.16.jar;C:\Users\ASUS\.m2\repository\org\apache\commons\commons-pool2\2.12.0\commons-pool2-2.12.0.jar;C:\Users\ASUS\.m2\repository\org\json\json\20230227\json-20230227.jar;C:\Users\ASUS\.m2\repository\com\cloudinary\cloudinary-http44\1.36.0\cloudinary-http44-1.36.0.jar;C:\Users\ASUS\.m2\repository\com\cloudinary\cloudinary-core\1.36.0\cloudinary-core-1.36.0.jar;C:\Users\ASUS\.m2\repository\org\apache\commons\commons-lang3\3.14.0\commons-lang3-3.14.0.jar;C:\Users\ASUS\.m2\repository\org\apache\httpcomponents\httpclient\4.4\httpclient-4.4.jar;C:\Users\ASUS\.m2\repository\org\apache\httpcomponents\httpcore\4.4.16\httpcore-4.4.16.jar;C:\Users\ASUS\.m2\repository\commons-logging\commons-logging\1.2\commons-logging-1.2.jar;C:\Users\ASUS\.m2\repository\commons-codec\commons-codec\1.16.1\commons-codec-1.16.1.jar;C:\Users\ASUS\.m2\repository\org\apache\httpcomponents\httpmime\4.4\httpmime-4.4.jar;C:\Users\ASUS\.m2\repository\commons-io\commons-io\2.14.0\commons-io-2.14.0.jar;C:\Users\ASUS\.m2\repository\org\sejda\imageio\webp-imageio\0.1.6\webp-imageio-0.1.6.jar;C:\Users\ASUS\.m2\repository\org\apache\poi\poi-ooxml\5.2.3\poi-ooxml-5.2.3.jar;C:\Users\ASUS\.m2\repository\org\apache\poi\poi\5.2.3\poi-5.2.3.jar;C:\Users\ASUS\.m2\repository\org\apache\commons\commons-math3\3.6.1\commons-math3-3.6.1.jar;C:\Users\ASUS\.m2\repository\com\zaxxer\SparseBitSet\1.2\SparseBitSet-1.2.jar;C:\Users\ASUS\.m2\repository\org\apache\poi\poi-ooxml-lite\5.2.3\poi-ooxml-lite-5.2.3.jar;C:\Users\ASUS\.m2\repository\org\apache\xmlbeans\xmlbeans\5.1.1\xmlbeans-5.1.1.jar;C:\Users\ASUS\.m2\repository\org\apache\commons\commons-compress\1.21\commons-compress-1.21.jar;C:\Users\ASUS\.m2\repository\com\github\virtuald\curvesapi\1.07\curvesapi-1.07.jar;C:\Users\ASUS\.m2\repository\org\apache\logging\log4j\log4j-api\2.23.1\log4j-api-2.23.1.jar;C:\Users\ASUS\.m2\repository\org\apache\commons\commons-collections4\4.4\commons-collections4-4.4.jar;C:\Users\ASUS\.m2\repository\org\springframework\boot\spring-boot-starter-tomcat\3.3.4\spring-boot-starter-tomcat-3.3.4.jar;C:\Users\ASUS\.m2\repository\jakarta\annotation\jakarta.annotation-api\2.1.1\jakarta.annotation-api-2.1.1.jar;C:\Users\ASUS\.m2\repository\org\apache\tomcat\embed\tomcat-embed-core\10.1.30\tomcat-embed-core-10.1.30.jar;C:\Users\ASUS\.m2\repository\org\apache\tomcat\embed\tomcat-embed-websocket\10.1.30\tomcat-embed-websocket-10.1.30.jar;C:\Users\ASUS\.m2\repository\org\springframework\boot\spring-boot-devtools\3.3.4\spring-boot-devtools-3.3.4.jar;C:\Users\ASUS\.m2\repository\org\springframework\boot\spring-boot\3.3.4\spring-boot-3.3.4.jar;C:\Users\ASUS\.m2\repository\org\springframework\boot\spring-boot-autoconfigure\3.3.4\spring-boot-autoconfigure-3.3.4.jar;C:\Users\ASUS\.m2\repository\org\springframework\boot\spring-boot-starter-test\3.3.4\spring-boot-starter-test-3.3.4.jar;C:\Users\ASUS\.m2\repository\org\springframework\boot\spring-boot-test\3.3.4\spring-boot-test-3.3.4.jar;C:\Users\ASUS\.m2\repository\org\springframework\boot\spring-boot-test-autoconfigure\3.3.4\spring-boot-test-autoconfigure-3.3.4.jar;C:\Users\ASUS\.m2\repository\com\jayway\jsonpath\json-path\2.9.0\json-path-2.9.0.jar;C:\Users\ASUS\.m2\repository\jakarta\xml\bind\jakarta.xml.bind-api\4.0.2\jakarta.xml.bind-api-4.0.2.jar;C:\Users\ASUS\.m2\repository\net\minidev\json-smart\2.5.1\json-smart-2.5.1.jar;C:\Users\ASUS\.m2\repository\net\minidev\accessors-smart\2.5.1\accessors-smart-2.5.1.jar;C:\Users\ASUS\.m2\repository\org\ow2\asm\asm\9.6\asm-9.6.jar;C:\Users\ASUS\.m2\repository\org\assertj\assertj-core\3.25.3\assertj-core-3.25.3.jar;C:\Users\ASUS\.m2\repository\org\awaitility\awaitility\4.2.2\awaitility-4.2.2.jar;C:\Users\ASUS\.m2\repository\org\hamcrest\hamcrest\2.2\hamcrest-2.2.jar;C:\Users\ASUS\.m2\repository\org\junit\jupiter\junit-jupiter\5.10.3\junit-jupiter-5.10.3.jar;C:\Users\ASUS\.m2\repository\org\junit\jupiter\junit-jupiter-api\5.10.3\junit-jupiter-api-5.10.3.jar;C:\Users\ASUS\.m2\repository\org\opentest4j\opentest4j\1.3.0\opentest4j-1.3.0.jar;C:\Users\ASUS\.m2\repository\org\junit\platform\junit-platform-commons\1.10.3\junit-platform-commons-1.10.3.jar;C:\Users\ASUS\.m2\repository\org\apiguardian\apiguardian-api\1.1.2\apiguardian-api-1.1.2.jar;C:\Users\ASUS\.m2\repository\org\junit\jupiter\junit-jupiter-params\5.10.3\junit-jupiter-params-5.10.3.jar;C:\Users\ASUS\.m2\repository\org\junit\jupiter\junit-jupiter-engine\5.10.3\junit-jupiter-engine-5.10.3.jar;C:\Users\ASUS\.m2\repository\org\junit\platform\junit-platform-engine\1.10.3\junit-platform-engine-1.10.3.jar;C:\Users\ASUS\.m2\repository\org\mockito\mockito-core\5.11.0\mockito-core-5.11.0.jar;C:\Users\ASUS\.m2\repository\net\bytebuddy\byte-buddy-agent\1.14.19\byte-buddy-agent-1.14.19.jar;C:\Users\ASUS\.m2\repository\org\objenesis\objenesis\3.3\objenesis-3.3.jar;C:\Users\ASUS\.m2\repository\org\mockito\mockito-junit-jupiter\5.11.0\mockito-junit-jupiter-5.11.0.jar;C:\Users\ASUS\.m2\repository\org\skyscreamer\jsonassert\1.5.3\jsonassert-1.5.3.jar;C:\Users\ASUS\.m2\repository\com\vaadin\external\google\android-json\0.0.20131108.vaadin1\android-json-0.0.20131108.vaadin1.jar;C:\Users\ASUS\.m2\repository\org\springframework\spring-core\6.1.13\spring-core-6.1.13.jar;C:\Users\ASUS\.m2\repository\org\springframework\spring-jcl\6.1.13\spring-jcl-6.1.13.jar;C:\Users\ASUS\.m2\repository\org\springframework\spring-test\6.1.13\spring-test-6.1.13.jar;C:\Users\ASUS\.m2\repository\org\xmlunit\xmlunit-core\2.9.1\xmlunit-core-2.9.1.jar;C:\Users\ASUS\.m2\repository\org\springframework\security\spring-security-test\6.3.3\spring-security-test-6.3.3.jar;C:\Users\ASUS\.m2\repository\org\springframework\security\spring-security-web\6.3.3\spring-security-web-6.3.3.jar;C:\Users\ASUS\.m2\repository\com\h2database\h2\2.2.224\h2-2.2.224.jar;C:\Users\ASUS\.m2\repository\org\testcontainers\junit-jupiter\1.19.8\junit-jupiter-1.19.8.jar;C:\Users\ASUS\.m2\repository\org\testcontainers\testcontainers\1.19.8\testcontainers-1.19.8.jar;C:\Users\ASUS\.m2\repository\junit\junit\4.13.2\junit-4.13.2.jar;C:\Users\ASUS\.m2\repository\org\hamcrest\hamcrest-core\2.2\hamcrest-core-2.2.jar;C:\Users\ASUS\.m2\repository\org\rnorth\duct-tape\duct-tape\1.0.8\duct-tape-1.0.8.jar;C:\Users\ASUS\.m2\repository\org\jetbrains\annotations\17.0.0\annotations-17.0.0.jar;C:\Users\ASUS\.m2\repository\com\github\docker-java\docker-java-api\3.3.6\docker-java-api-3.3.6.jar;C:\Users\ASUS\.m2\repository\com\github\docker-java\docker-java-transport-zerodep\3.3.6\docker-java-transport-zerodep-3.3.6.jar;C:\Users\ASUS\.m2\repository\com\github\docker-java\docker-java-transport\3.3.6\docker-java-transport-3.3.6.jar;C:\Users\ASUS\.m2\repository\net\java\dev\jna\jna\5.13.0\jna-5.13.0.jar;"/>
    <property name="java.vm.vendor" value="Oracle Corporation"/>
    <property name="sun.arch.data.model" value="64"/>
    <property name="user.variant" value=""/>
    <property name="java.vendor.url" value="https://java.oracle.com/"/>
    <property name="user.timezone" value="Asia/Bangkok"/>
    <property name="org.jboss.logging.provider" value="slf4j"/>
    <property name="os.name" value="Windows 11"/>
    <property name="java.vm.specification.version" value="23"/>
    <property name="sun.java.launcher" value="SUN_STANDARD"/>
    <property name="user.country" value="VN"/>
    <property name="sun.boot.library.path" value="C:\Program Files\Java\jdk-23\bin"/>
    <property name="sun.java.command" value="C:\Users\ASUS\AppData\Local\Temp\surefire5286674690794398506\surefirebooter-20250713000146362_3.jar C:\Users\ASUS\AppData\Local\Temp\surefire5286674690794398506 2025-07-13T00-01-46_024-jvmRun1 surefire-20250713000146362_1tmp surefire_0-20250713000146362_2tmp"/>
    <property name="jdk.debug" value="release"/>
    <property name="surefire.test.class.path" value="H:\Tien\WearItNow\WearItNow-BackEnd\target\test-classes;H:\Tien\WearItNow\WearItNow-BackEnd\target\classes;C:\Users\ASUS\.m2\repository\org\springframework\boot\spring-boot-starter-web\3.3.4\spring-boot-starter-web-3.3.4.jar;C:\Users\ASUS\.m2\repository\org\springframework\boot\spring-boot-starter\3.3.4\spring-boot-starter-3.3.4.jar;C:\Users\ASUS\.m2\repository\org\springframework\boot\spring-boot-starter-logging\3.3.4\spring-boot-starter-logging-3.3.4.jar;C:\Users\ASUS\.m2\repository\ch\qos\logback\logback-classic\1.5.8\logback-classic-1.5.8.jar;C:\Users\ASUS\.m2\repository\ch\qos\logback\logback-core\1.5.8\logback-core-1.5.8.jar;C:\Users\ASUS\.m2\repository\org\apache\logging\log4j\log4j-to-slf4j\2.23.1\log4j-to-slf4j-2.23.1.jar;C:\Users\ASUS\.m2\repository\org\slf4j\jul-to-slf4j\2.0.16\jul-to-slf4j-2.0.16.jar;C:\Users\ASUS\.m2\repository\org\yaml\snakeyaml\2.2\snakeyaml-2.2.jar;C:\Users\ASUS\.m2\repository\org\springframework\boot\spring-boot-starter-json\3.3.4\spring-boot-starter-json-3.3.4.jar;C:\Users\ASUS\.m2\repository\com\fasterxml\jackson\datatype\jackson-datatype-jdk8\2.17.2\jackson-datatype-jdk8-2.17.2.jar;C:\Users\ASUS\.m2\repository\com\fasterxml\jackson\module\jackson-module-parameter-names\2.17.2\jackson-module-parameter-names-2.17.2.jar;C:\Users\ASUS\.m2\repository\org\springframework\spring-web\6.1.13\spring-web-6.1.13.jar;C:\Users\ASUS\.m2\repository\org\springframework\spring-beans\6.1.13\spring-beans-6.1.13.jar;C:\Users\ASUS\.m2\repository\io\micrometer\micrometer-observation\1.13.4\micrometer-observation-1.13.4.jar;C:\Users\ASUS\.m2\repository\io\micrometer\micrometer-commons\1.13.4\micrometer-commons-1.13.4.jar;C:\Users\ASUS\.m2\repository\org\springframework\spring-webmvc\6.1.13\spring-webmvc-6.1.13.jar;C:\Users\ASUS\.m2\repository\org\springframework\spring-aop\6.1.13\spring-aop-6.1.13.jar;C:\Users\ASUS\.m2\repository\org\springframework\spring-context\6.1.13\spring-context-6.1.13.jar;C:\Users\ASUS\.m2\repository\org\springframework\spring-expression\6.1.13\spring-expression-6.1.13.jar;C:\Users\ASUS\.m2\repository\org\springframework\boot\spring-boot-starter-validation\3.3.4\spring-boot-starter-validation-3.3.4.jar;C:\Users\ASUS\.m2\repository\org\apache\tomcat\embed\tomcat-embed-el\10.1.30\tomcat-embed-el-10.1.30.jar;C:\Users\ASUS\.m2\repository\org\hibernate\validator\hibernate-validator\8.0.1.Final\hibernate-validator-8.0.1.Final.jar;C:\Users\ASUS\.m2\repository\jakarta\validation\jakarta.validation-api\3.0.2\jakarta.validation-api-3.0.2.jar;C:\Users\ASUS\.m2\repository\org\jboss\logging\jboss-logging\3.5.3.Final\jboss-logging-3.5.3.Final.jar;C:\Users\ASUS\.m2\repository\com\fasterxml\classmate\1.7.0\classmate-1.7.0.jar;C:\Users\ASUS\.m2\repository\org\springframework\boot\spring-boot-starter-data-jpa\3.3.4\spring-boot-starter-data-jpa-3.3.4.jar;C:\Users\ASUS\.m2\repository\org\springframework\boot\spring-boot-starter-aop\3.3.4\spring-boot-starter-aop-3.3.4.jar;C:\Users\ASUS\.m2\repository\org\aspectj\aspectjweaver\1.9.22.1\aspectjweaver-1.9.22.1.jar;C:\Users\ASUS\.m2\repository\org\springframework\boot\spring-boot-starter-jdbc\3.3.4\spring-boot-starter-jdbc-3.3.4.jar;C:\Users\ASUS\.m2\repository\com\zaxxer\HikariCP\5.1.0\HikariCP-5.1.0.jar;C:\Users\ASUS\.m2\repository\org\springframework\spring-jdbc\6.1.13\spring-jdbc-6.1.13.jar;C:\Users\ASUS\.m2\repository\org\hibernate\orm\hibernate-core\6.5.3.Final\hibernate-core-6.5.3.Final.jar;C:\Users\ASUS\.m2\repository\jakarta\persistence\jakarta.persistence-api\3.1.0\jakarta.persistence-api-3.1.0.jar;C:\Users\ASUS\.m2\repository\jakarta\transaction\jakarta.transaction-api\2.0.1\jakarta.transaction-api-2.0.1.jar;C:\Users\ASUS\.m2\repository\org\hibernate\common\hibernate-commons-annotations\6.0.6.Final\hibernate-commons-annotations-6.0.6.Final.jar;C:\Users\ASUS\.m2\repository\io\smallrye\jandex\3.1.2\jandex-3.1.2.jar;C:\Users\ASUS\.m2\repository\net\bytebuddy\byte-buddy\1.14.19\byte-buddy-1.14.19.jar;C:\Users\ASUS\.m2\repository\org\glassfish\jaxb\jaxb-runtime\4.0.5\jaxb-runtime-4.0.5.jar;C:\Users\ASUS\.m2\repository\org\glassfish\jaxb\jaxb-core\4.0.5\jaxb-core-4.0.5.jar;C:\Users\ASUS\.m2\repository\org\glassfish\jaxb\txw2\4.0.5\txw2-4.0.5.jar;C:\Users\ASUS\.m2\repository\com\sun\istack\istack-commons-runtime\4.1.2\istack-commons-runtime-4.1.2.jar;C:\Users\ASUS\.m2\repository\jakarta\inject\jakarta.inject-api\2.0.1\jakarta.inject-api-2.0.1.jar;C:\Users\ASUS\.m2\repository\org\antlr\antlr4-runtime\4.13.0\antlr4-runtime-4.13.0.jar;C:\Users\ASUS\.m2\repository\org\springframework\data\spring-data-jpa\3.3.4\spring-data-jpa-3.3.4.jar;C:\Users\ASUS\.m2\repository\org\springframework\data\spring-data-commons\3.3.4\spring-data-commons-3.3.4.jar;C:\Users\ASUS\.m2\repository\org\springframework\spring-orm\6.1.13\spring-orm-6.1.13.jar;C:\Users\ASUS\.m2\repository\org\springframework\spring-tx\6.1.13\spring-tx-6.1.13.jar;C:\Users\ASUS\.m2\repository\org\springframework\spring-aspects\6.1.13\spring-aspects-6.1.13.jar;C:\Users\ASUS\.m2\repository\org\springframework\boot\spring-boot-starter-mail\3.3.4\spring-boot-starter-mail-3.3.4.jar;C:\Users\ASUS\.m2\repository\org\springframework\spring-context-support\6.1.13\spring-context-support-6.1.13.jar;C:\Users\ASUS\.m2\repository\org\eclipse\angus\jakarta.mail\2.0.3\jakarta.mail-2.0.3.jar;C:\Users\ASUS\.m2\repository\jakarta\activation\jakarta.activation-api\2.1.3\jakarta.activation-api-2.1.3.jar;C:\Users\ASUS\.m2\repository\org\eclipse\angus\angus-activation\2.0.2\angus-activation-2.0.2.jar;C:\Users\ASUS\.m2\repository\org\springframework\boot\spring-boot-starter-oauth2-resource-server\3.3.4\spring-boot-starter-oauth2-resource-server-3.3.4.jar;C:\Users\ASUS\.m2\repository\org\springframework\security\spring-security-config\6.3.3\spring-security-config-6.3.3.jar;C:\Users\ASUS\.m2\repository\org\springframework\security\spring-security-core\6.3.3\spring-security-core-6.3.3.jar;C:\Users\ASUS\.m2\repository\org\springframework\security\spring-security-oauth2-resource-server\6.3.3\spring-security-oauth2-resource-server-6.3.3.jar;C:\Users\ASUS\.m2\repository\org\springframework\security\spring-security-oauth2-core\6.3.3\spring-security-oauth2-core-6.3.3.jar;C:\Users\ASUS\.m2\repository\org\springframework\security\spring-security-oauth2-jose\6.3.3\spring-security-oauth2-jose-6.3.3.jar;C:\Users\ASUS\.m2\repository\com\nimbusds\nimbus-jose-jwt\9.37.3\nimbus-jose-jwt-9.37.3.jar;C:\Users\ASUS\.m2\repository\com\github\stephenc\jcip\jcip-annotations\1.0-1\jcip-annotations-1.0-1.jar;C:\Users\ASUS\.m2\repository\org\springframework\boot\spring-boot-starter-oauth2-client\3.3.4\spring-boot-starter-oauth2-client-3.3.4.jar;C:\Users\ASUS\.m2\repository\org\springframework\security\spring-security-oauth2-client\6.3.3\spring-security-oauth2-client-6.3.3.jar;C:\Users\ASUS\.m2\repository\com\nimbusds\oauth2-oidc-sdk\9.43.4\oauth2-oidc-sdk-9.43.4.jar;C:\Users\ASUS\.m2\repository\com\nimbusds\content-type\2.2\content-type-2.2.jar;C:\Users\ASUS\.m2\repository\com\nimbusds\lang-tag\1.7\lang-tag-1.7.jar;C:\Users\ASUS\.m2\repository\org\springframework\boot\spring-boot-starter-websocket\3.3.4\spring-boot-starter-websocket-3.3.4.jar;C:\Users\ASUS\.m2\repository\org\springframework\spring-messaging\6.1.13\spring-messaging-6.1.13.jar;C:\Users\ASUS\.m2\repository\org\springframework\spring-websocket\6.1.13\spring-websocket-6.1.13.jar;C:\Users\ASUS\.m2\repository\org\springframework\boot\spring-boot-starter-data-redis\3.3.4\spring-boot-starter-data-redis-3.3.4.jar;C:\Users\ASUS\.m2\repository\io\lettuce\lettuce-core\6.3.2.RELEASE\lettuce-core-6.3.2.RELEASE.jar;C:\Users\ASUS\.m2\repository\io\netty\netty-common\4.1.113.Final\netty-common-4.1.113.Final.jar;C:\Users\ASUS\.m2\repository\io\netty\netty-handler\4.1.113.Final\netty-handler-4.1.113.Final.jar;C:\Users\ASUS\.m2\repository\io\netty\netty-resolver\4.1.113.Final\netty-resolver-4.1.113.Final.jar;C:\Users\ASUS\.m2\repository\io\netty\netty-buffer\4.1.113.Final\netty-buffer-4.1.113.Final.jar;C:\Users\ASUS\.m2\repository\io\netty\netty-transport-native-unix-common\4.1.113.Final\netty-transport-native-unix-common-4.1.113.Final.jar;C:\Users\ASUS\.m2\repository\io\netty\netty-codec\4.1.113.Final\netty-codec-4.1.113.Final.jar;C:\Users\ASUS\.m2\repository\io\netty\netty-transport\4.1.113.Final\netty-transport-4.1.113.Final.jar;C:\Users\ASUS\.m2\repository\io\projectreactor\reactor-core\3.6.10\reactor-core-3.6.10.jar;C:\Users\ASUS\.m2\repository\org\reactivestreams\reactive-streams\1.0.4\reactive-streams-1.0.4.jar;C:\Users\ASUS\.m2\repository\org\springframework\data\spring-data-redis\3.3.4\spring-data-redis-3.3.4.jar;C:\Users\ASUS\.m2\repository\org\springframework\data\spring-data-keyvalue\3.3.4\spring-data-keyvalue-3.3.4.jar;C:\Users\ASUS\.m2\repository\org\springframework\spring-oxm\6.1.13\spring-oxm-6.1.13.jar;C:\Users\ASUS\.m2\repository\org\springframework\security\spring-security-crypto\6.3.3\spring-security-crypto-6.3.3.jar;C:\Users\ASUS\.m2\repository\com\fasterxml\jackson\core\jackson-databind\2.17.2\jackson-databind-2.17.2.jar;C:\Users\ASUS\.m2\repository\com\fasterxml\jackson\core\jackson-annotations\2.17.2\jackson-annotations-2.17.2.jar;C:\Users\ASUS\.m2\repository\com\fasterxml\jackson\core\jackson-core\2.17.2\jackson-core-2.17.2.jar;C:\Users\ASUS\.m2\repository\com\fasterxml\jackson\datatype\jackson-datatype-jsr310\2.17.2\jackson-datatype-jsr310-2.17.2.jar;C:\Users\ASUS\.m2\repository\com\google\code\gson\gson\2.10.1\gson-2.10.1.jar;C:\Users\ASUS\.m2\repository\org\mapstruct\mapstruct\1.5.3.Final\mapstruct-1.5.3.Final.jar;C:\Users\ASUS\.m2\repository\org\projectlombok\lombok\1.18.32\lombok-1.18.32.jar;C:\Users\ASUS\.m2\repository\com\mysql\mysql-connector-j\8.3.0\mysql-connector-j-8.3.0.jar;C:\Users\ASUS\.m2\repository\redis\clients\jedis\4.4.1\jedis-4.4.1.jar;C:\Users\ASUS\.m2\repository\org\slf4j\slf4j-api\2.0.16\slf4j-api-2.0.16.jar;C:\Users\ASUS\.m2\repository\org\apache\commons\commons-pool2\2.12.0\commons-pool2-2.12.0.jar;C:\Users\ASUS\.m2\repository\org\json\json\20230227\json-20230227.jar;C:\Users\ASUS\.m2\repository\com\cloudinary\cloudinary-http44\1.36.0\cloudinary-http44-1.36.0.jar;C:\Users\ASUS\.m2\repository\com\cloudinary\cloudinary-core\1.36.0\cloudinary-core-1.36.0.jar;C:\Users\ASUS\.m2\repository\org\apache\commons\commons-lang3\3.14.0\commons-lang3-3.14.0.jar;C:\Users\ASUS\.m2\repository\org\apache\httpcomponents\httpclient\4.4\httpclient-4.4.jar;C:\Users\ASUS\.m2\repository\org\apache\httpcomponents\httpcore\4.4.16\httpcore-4.4.16.jar;C:\Users\ASUS\.m2\repository\commons-logging\commons-logging\1.2\commons-logging-1.2.jar;C:\Users\ASUS\.m2\repository\commons-codec\commons-codec\1.16.1\commons-codec-1.16.1.jar;C:\Users\ASUS\.m2\repository\org\apache\httpcomponents\httpmime\4.4\httpmime-4.4.jar;C:\Users\ASUS\.m2\repository\commons-io\commons-io\2.14.0\commons-io-2.14.0.jar;C:\Users\ASUS\.m2\repository\org\sejda\imageio\webp-imageio\0.1.6\webp-imageio-0.1.6.jar;C:\Users\ASUS\.m2\repository\org\apache\poi\poi-ooxml\5.2.3\poi-ooxml-5.2.3.jar;C:\Users\ASUS\.m2\repository\org\apache\poi\poi\5.2.3\poi-5.2.3.jar;C:\Users\ASUS\.m2\repository\org\apache\commons\commons-math3\3.6.1\commons-math3-3.6.1.jar;C:\Users\ASUS\.m2\repository\com\zaxxer\SparseBitSet\1.2\SparseBitSet-1.2.jar;C:\Users\ASUS\.m2\repository\org\apache\poi\poi-ooxml-lite\5.2.3\poi-ooxml-lite-5.2.3.jar;C:\Users\ASUS\.m2\repository\org\apache\xmlbeans\xmlbeans\5.1.1\xmlbeans-5.1.1.jar;C:\Users\ASUS\.m2\repository\org\apache\commons\commons-compress\1.21\commons-compress-1.21.jar;C:\Users\ASUS\.m2\repository\com\github\virtuald\curvesapi\1.07\curvesapi-1.07.jar;C:\Users\ASUS\.m2\repository\org\apache\logging\log4j\log4j-api\2.23.1\log4j-api-2.23.1.jar;C:\Users\ASUS\.m2\repository\org\apache\commons\commons-collections4\4.4\commons-collections4-4.4.jar;C:\Users\ASUS\.m2\repository\org\springframework\boot\spring-boot-starter-tomcat\3.3.4\spring-boot-starter-tomcat-3.3.4.jar;C:\Users\ASUS\.m2\repository\jakarta\annotation\jakarta.annotation-api\2.1.1\jakarta.annotation-api-2.1.1.jar;C:\Users\ASUS\.m2\repository\org\apache\tomcat\embed\tomcat-embed-core\10.1.30\tomcat-embed-core-10.1.30.jar;C:\Users\ASUS\.m2\repository\org\apache\tomcat\embed\tomcat-embed-websocket\10.1.30\tomcat-embed-websocket-10.1.30.jar;C:\Users\ASUS\.m2\repository\org\springframework\boot\spring-boot-devtools\3.3.4\spring-boot-devtools-3.3.4.jar;C:\Users\ASUS\.m2\repository\org\springframework\boot\spring-boot\3.3.4\spring-boot-3.3.4.jar;C:\Users\ASUS\.m2\repository\org\springframework\boot\spring-boot-autoconfigure\3.3.4\spring-boot-autoconfigure-3.3.4.jar;C:\Users\ASUS\.m2\repository\org\springframework\boot\spring-boot-starter-test\3.3.4\spring-boot-starter-test-3.3.4.jar;C:\Users\ASUS\.m2\repository\org\springframework\boot\spring-boot-test\3.3.4\spring-boot-test-3.3.4.jar;C:\Users\ASUS\.m2\repository\org\springframework\boot\spring-boot-test-autoconfigure\3.3.4\spring-boot-test-autoconfigure-3.3.4.jar;C:\Users\ASUS\.m2\repository\com\jayway\jsonpath\json-path\2.9.0\json-path-2.9.0.jar;C:\Users\ASUS\.m2\repository\jakarta\xml\bind\jakarta.xml.bind-api\4.0.2\jakarta.xml.bind-api-4.0.2.jar;C:\Users\ASUS\.m2\repository\net\minidev\json-smart\2.5.1\json-smart-2.5.1.jar;C:\Users\ASUS\.m2\repository\net\minidev\accessors-smart\2.5.1\accessors-smart-2.5.1.jar;C:\Users\ASUS\.m2\repository\org\ow2\asm\asm\9.6\asm-9.6.jar;C:\Users\ASUS\.m2\repository\org\assertj\assertj-core\3.25.3\assertj-core-3.25.3.jar;C:\Users\ASUS\.m2\repository\org\awaitility\awaitility\4.2.2\awaitility-4.2.2.jar;C:\Users\ASUS\.m2\repository\org\hamcrest\hamcrest\2.2\hamcrest-2.2.jar;C:\Users\ASUS\.m2\repository\org\junit\jupiter\junit-jupiter\5.10.3\junit-jupiter-5.10.3.jar;C:\Users\ASUS\.m2\repository\org\junit\jupiter\junit-jupiter-api\5.10.3\junit-jupiter-api-5.10.3.jar;C:\Users\ASUS\.m2\repository\org\opentest4j\opentest4j\1.3.0\opentest4j-1.3.0.jar;C:\Users\ASUS\.m2\repository\org\junit\platform\junit-platform-commons\1.10.3\junit-platform-commons-1.10.3.jar;C:\Users\ASUS\.m2\repository\org\apiguardian\apiguardian-api\1.1.2\apiguardian-api-1.1.2.jar;C:\Users\ASUS\.m2\repository\org\junit\jupiter\junit-jupiter-params\5.10.3\junit-jupiter-params-5.10.3.jar;C:\Users\ASUS\.m2\repository\org\junit\jupiter\junit-jupiter-engine\5.10.3\junit-jupiter-engine-5.10.3.jar;C:\Users\ASUS\.m2\repository\org\junit\platform\junit-platform-engine\1.10.3\junit-platform-engine-1.10.3.jar;C:\Users\ASUS\.m2\repository\org\mockito\mockito-core\5.11.0\mockito-core-5.11.0.jar;C:\Users\ASUS\.m2\repository\net\bytebuddy\byte-buddy-agent\1.14.19\byte-buddy-agent-1.14.19.jar;C:\Users\ASUS\.m2\repository\org\objenesis\objenesis\3.3\objenesis-3.3.jar;C:\Users\ASUS\.m2\repository\org\mockito\mockito-junit-jupiter\5.11.0\mockito-junit-jupiter-5.11.0.jar;C:\Users\ASUS\.m2\repository\org\skyscreamer\jsonassert\1.5.3\jsonassert-1.5.3.jar;C:\Users\ASUS\.m2\repository\com\vaadin\external\google\android-json\0.0.20131108.vaadin1\android-json-0.0.20131108.vaadin1.jar;C:\Users\ASUS\.m2\repository\org\springframework\spring-core\6.1.13\spring-core-6.1.13.jar;C:\Users\ASUS\.m2\repository\org\springframework\spring-jcl\6.1.13\spring-jcl-6.1.13.jar;C:\Users\ASUS\.m2\repository\org\springframework\spring-test\6.1.13\spring-test-6.1.13.jar;C:\Users\ASUS\.m2\repository\org\xmlunit\xmlunit-core\2.9.1\xmlunit-core-2.9.1.jar;C:\Users\ASUS\.m2\repository\org\springframework\security\spring-security-test\6.3.3\spring-security-test-6.3.3.jar;C:\Users\ASUS\.m2\repository\org\springframework\security\spring-security-web\6.3.3\spring-security-web-6.3.3.jar;C:\Users\ASUS\.m2\repository\com\h2database\h2\2.2.224\h2-2.2.224.jar;C:\Users\ASUS\.m2\repository\org\testcontainers\junit-jupiter\1.19.8\junit-jupiter-1.19.8.jar;C:\Users\ASUS\.m2\repository\org\testcontainers\testcontainers\1.19.8\testcontainers-1.19.8.jar;C:\Users\ASUS\.m2\repository\junit\junit\4.13.2\junit-4.13.2.jar;C:\Users\ASUS\.m2\repository\org\hamcrest\hamcrest-core\2.2\hamcrest-core-2.2.jar;C:\Users\ASUS\.m2\repository\org\rnorth\duct-tape\duct-tape\1.0.8\duct-tape-1.0.8.jar;C:\Users\ASUS\.m2\repository\org\jetbrains\annotations\17.0.0\annotations-17.0.0.jar;C:\Users\ASUS\.m2\repository\com\github\docker-java\docker-java-api\3.3.6\docker-java-api-3.3.6.jar;C:\Users\ASUS\.m2\repository\com\github\docker-java\docker-java-transport-zerodep\3.3.6\docker-java-transport-zerodep-3.3.6.jar;C:\Users\ASUS\.m2\repository\com\github\docker-java\docker-java-transport\3.3.6\docker-java-transport-3.3.6.jar;C:\Users\ASUS\.m2\repository\net\java\dev\jna\jna\5.13.0\jna-5.13.0.jar;"/>
    <property name="sun.cpu.endian" value="little"/>
    <property name="user.home" value="C:\Users\ASUS"/>
    <property name="user.language" value="vi"/>
    <property name="java.specification.vendor" value="Oracle Corporation"/>
    <property name="java.version.date" value="2025-01-21"/>
    <property name="java.home" value="C:\Program Files\Java\jdk-23"/>
    <property name="spring.profiles.active" value="test"/>
    <property name="file.separator" value="\"/>
    <property name="basedir" value="H:\Tien\WearItNow\WearItNow-BackEnd"/>
    <property name="java.vm.compressedOopsMode" value="Zero based"/>
    <property name="line.separator" value="&#10;"/>
    <property name="java.vm.specification.vendor" value="Oracle Corporation"/>
    <property name="java.specification.name" value="Java Platform API Specification"/>
    <property name="FILE_LOG_CHARSET" value="UTF-8"/>
    <property name="java.awt.headless" value="true"/>
    <property name="surefire.real.class.path" value="C:\Users\ASUS\AppData\Local\Temp\surefire5286674690794398506\surefirebooter-20250713000146362_3.jar"/>
    <property name="user.script" value=""/>
    <property name="sun.management.compiler" value="HotSpot 64-Bit Tiered Compilers"/>
    <property name="java.runtime.version" value="23.0.2+7-58"/>
    <property name="user.name" value="ASUS"/>
    <property name="stdout.encoding" value="Cp1252"/>
    <property name="path.separator" value=";"/>
    <property name="os.version" value="10.0"/>
    <property name="java.runtime.name" value="Java(TM) SE Runtime Environment"/>
    <property name="file.encoding" value="UTF-8"/>
    <property name="java.vm.name" value="Java HotSpot(TM) 64-Bit Server VM"/>
    <property name="localRepository" value="C:\Users\ASUS\.m2\repository"/>
    <property name="java.vendor.url.bug" value="https://bugreport.java.com/bugreport/"/>
    <property name="java.io.tmpdir" value="C:\Users\ASUS\AppData\Local\Temp\"/>
    <property name="com.zaxxer.hikari.pool_number" value="4"/>
    <property name="java.version" value="23.0.2"/>
    <property name="user.dir" value="H:\Tien\WearItNow\WearItNow-BackEnd"/>
    <property name="os.arch" value="amd64"/>
    <property name="java.vm.specification.name" value="Java Virtual Machine Specification"/>
    <property name="PID" value="8164"/>
    <property name="sun.os.patch.level" value=""/>
    <property name="CONSOLE_LOG_CHARSET" value="UTF-8"/>
    <property name="native.encoding" value="Cp1252"/>
    <property name="java.library.path" value="C:\Program Files\Java\jdk-23\bin;C:\WINDOWS\Sun\Java\bin;C:\WINDOWS\system32;C:\WINDOWS;C:\Program Files\Common Files\Oracle\Java\javapath;C:\Windows\system32;C:\Windows;C:\Windows\System32\Wbem;C:\Windows\System32\WindowsPowerShell\v1.0\;C:\Windows\System32\OpenSSH\;C:\Program Files (x86)\NVIDIA Corporation\PhysX\Common;C:\Program Files\NVIDIA Corporation\NVIDIA NvDLISR;C:\WINDOWS\system32;C:\WINDOWS;C:\WINDOWS\System32\Wbem;C:\WINDOWS\System32\WindowsPowerShell\v1.0\;C:\WINDOWS\System32\OpenSSH\;C:\Program Files\Git\cmd;C:\Program Files\nodejs\;C:\Program Files\Docker\Docker\resources\bin;C:\Program Files (x86)\Microsoft SQL Server\160\DTS\Binn\;c:\Users\ASUS\AppData\Local\Programs\cursor\resources\app\bin;C:\Program Files\apache-maven-3.9.9-bin\bin;C:\Program Files\dotnet\;C:\Program Files\Cloudflare\Cloudflare WARP\;C:\Users\ASUS\AppData\Local\Microsoft\WindowsApps;C:\Users\ASUS\AppData\Roaming\npm;C:\Users\ASUS\AppData\Local\Programs\Microsoft VS Code\bin;C:\Users\ASUS\AppData\Local\Programs\cursor\resources\app\bin;."/>
    <property name="java.vm.info" value="mixed mode, sharing"/>
    <property name="stderr.encoding" value="Cp1252"/>
    <property name="java.vendor" value="Oracle Corporation"/>
    <property name="java.vm.version" value="23.0.2+7-58"/>
    <property name="sun.io.unicode.encoding" value="UnicodeLittle"/>
    <property name="java.class.version" value="67.0"/>
    <property name="LOGGED_APPLICATION_NAME" value="[wearItnow-test] "/>
  </properties>
  <testcase name="createUser_usernameInvalid_fail" classname="com.wearltnow.controller.UserControllerTest" time="0.044">
    <system-out><![CDATA[2025-07-13T00:02:16.937+07:00  INFO 8164 --- [wearItnow-test] [           main] t.c.s.AnnotationConfigContextLoaderUtils : Could not detect default configuration classes for test class [com.wearltnow.controller.UserControllerTest]: UserControllerTest does not declare any static, non-private, non-final, nested classes annotated with @Configuration.
2025-07-13T00:02:16.940+07:00  INFO 8164 --- [wearItnow-test] [           main] .b.t.c.SpringBootTestContextBootstrapper : Found @SpringBootConfiguration com.wearltnow.WearItnowApplication for test class com.wearltnow.controller.UserControllerTest
2025-07-13T00:02:16.948+07:00  INFO 8164 --- [wearItnow-test] [           main] o.s.b.d.r.RestartApplicationListener     : Restart disabled due to context in which it is running

  .   ____          _            __ _ _
 /\\ / ___'_ __ _ _(_)_ __  __ _ \ \ \ \
( ( )\___ | '_ | '_| | '_ \/ _` | \ \ \ \
 \\/  ___)| |_)| | | | | || (_| |  ) ) ) )
  '  |____| .__|_| |_|_| |_\__, | / / / /
 =========|_|==============|___/=/_/_/_/

 :: Spring Boot ::                (v3.3.4)

2025-07-13T00:02:16.979+07:00  WARN 8164 --- [wearItnow-test] [           main] ory$DuplicateJsonObjectContextCustomizer : 

Found multiple occurrences of org.json.JSONObject on the class path:

	jar:file:/C:/Users/ASUS/.m2/repository/org/json/json/20230227/json-20230227.jar!/org/json/JSONObject.class
	jar:file:/C:/Users/ASUS/.m2/repository/com/vaadin/external/google/android-json/0.0.20131108.vaadin1/android-json-0.0.20131108.vaadin1.jar!/org/json/JSONObject.class

You may wish to exclude one of them to ensure predictable runtime behavior

2025-07-13T00:02:16.980+07:00  INFO 8164 --- [wearItnow-test] [           main] c.w.controller.UserControllerTest        : Starting UserControllerTest using Java 23.0.2 with PID 8164 (started by ASUS in H:\Tien\WearItNow\WearItNow-BackEnd)
2025-07-13T00:02:16.980+07:00  INFO 8164 --- [wearItnow-test] [           main] c.w.controller.UserControllerTest        : The following 1 profile is active: "test"
2025-07-13T00:02:16.982+07:00 DEBUG 8164 --- [wearItnow-test] [           main] o.s.w.c.s.GenericWebApplicationContext   : Refreshing org.springframework.web.context.support.GenericWebApplicationContext@5305e1c
2025-07-13T00:02:17.339+07:00  INFO 8164 --- [wearItnow-test] [           main] .s.d.r.c.RepositoryConfigurationDelegate : Multiple Spring Data modules found, entering strict repository configuration mode
2025-07-13T00:02:17.340+07:00  INFO 8164 --- [wearItnow-test] [           main] .s.d.r.c.RepositoryConfigurationDelegate : Bootstrapping Spring Data JPA repositories in DEFAULT mode.
2025-07-13T00:02:17.408+07:00  INFO 8164 --- [wearItnow-test] [           main] .s.d.r.c.RepositoryConfigurationDelegate : Finished Spring Data repository scanning in 68 ms. Found 25 JPA repository interfaces.
2025-07-13T00:02:17.411+07:00  INFO 8164 --- [wearItnow-test] [           main] .s.d.r.c.RepositoryConfigurationDelegate : Multiple Spring Data modules found, entering strict repository configuration mode
2025-07-13T00:02:17.411+07:00  INFO 8164 --- [wearItnow-test] [           main] .s.d.r.c.RepositoryConfigurationDelegate : Bootstrapping Spring Data Redis repositories in DEFAULT mode.
2025-07-13T00:02:17.423+07:00  INFO 8164 --- [wearItnow-test] [           main] .RepositoryConfigurationExtensionSupport : Spring Data Redis - Could not safely identify store assignment for repository candidate interface com.wearltnow.repository.CartRepository; If you want this repository to be a Redis repository, consider annotating your entities with one of these annotations: org.springframework.data.redis.core.RedisHash (preferred), or consider extending one of the following types with your repository: org.springframework.data.keyvalue.repository.KeyValueRepository
2025-07-13T00:02:17.423+07:00  INFO 8164 --- [wearItnow-test] [           main] .RepositoryConfigurationExtensionSupport : Spring Data Redis - Could not safely identify store assignment for repository candidate interface com.wearltnow.repository.CategoryRepository; If you want this repository to be a Redis repository, consider annotating your entities with one of these annotations: org.springframework.data.redis.core.RedisHash (preferred), or consider extending one of the following types with your repository: org.springframework.data.keyvalue.repository.KeyValueRepository
2025-07-13T00:02:17.423+07:00  INFO 8164 --- [wearItnow-test] [           main] .RepositoryConfigurationExtensionSupport : Spring Data Redis - Could not safely identify store assignment for repository candidate interface com.wearltnow.repository.DiscountCodeRepository; If you want this repository to be a Redis repository, consider annotating your entities with one of these annotations: org.springframework.data.redis.core.RedisHash (preferred), or consider extending one of the following types with your repository: org.springframework.data.keyvalue.repository.KeyValueRepository
2025-07-13T00:02:17.423+07:00  INFO 8164 --- [wearItnow-test] [           main] .RepositoryConfigurationExtensionSupport : Spring Data Redis - Could not safely identify store assignment for repository candidate interface com.wearltnow.repository.DiscountPriceRepository; If you want this repository to be a Redis repository, consider annotating your entities with one of these annotations: org.springframework.data.redis.core.RedisHash (preferred), or consider extending one of the following types with your repository: org.springframework.data.keyvalue.repository.KeyValueRepository
2025-07-13T00:02:17.423+07:00  INFO 8164 --- [wearItnow-test] [           main] .RepositoryConfigurationExtensionSupport : Spring Data Redis - Could not safely identify store assignment for repository candidate interface com.wearltnow.repository.InvalidatedRepository; If you want this repository to be a Redis repository, consider annotating your entities with one of these annotations: org.springframework.data.redis.core.RedisHash (preferred), or consider extending one of the following types with your repository: org.springframework.data.keyvalue.repository.KeyValueRepository
2025-07-13T00:02:17.423+07:00  INFO 8164 --- [wearItnow-test] [           main] .RepositoryConfigurationExtensionSupport : Spring Data Redis - Could not safely identify store assignment for repository candidate interface com.wearltnow.repository.NotificationRepository; If you want this repository to be a Redis repository, consider annotating your entities with one of these annotations: org.springframework.data.redis.core.RedisHash (preferred), or consider extending one of the following types with your repository: org.springframework.data.keyvalue.repository.KeyValueRepository
2025-07-13T00:02:17.423+07:00  INFO 8164 --- [wearItnow-test] [           main] .RepositoryConfigurationExtensionSupport : Spring Data Redis - Could not safely identify store assignment for repository candidate interface com.wearltnow.repository.OrderDetailRepository; If you want this repository to be a Redis repository, consider annotating your entities with one of these annotations: org.springframework.data.redis.core.RedisHash (preferred), or consider extending one of the following types with your repository: org.springframework.data.keyvalue.repository.KeyValueRepository
2025-07-13T00:02:17.423+07:00  INFO 8164 --- [wearItnow-test] [           main] .RepositoryConfigurationExtensionSupport : Spring Data Redis - Could not safely identify store assignment for repository candidate interface com.wearltnow.repository.OrderRepository; If you want this repository to be a Redis repository, consider annotating your entities with one of these annotations: org.springframework.data.redis.core.RedisHash (preferred), or consider extending one of the following types with your repository: org.springframework.data.keyvalue.repository.KeyValueRepository
2025-07-13T00:02:17.423+07:00  INFO 8164 --- [wearItnow-test] [           main] .RepositoryConfigurationExtensionSupport : Spring Data Redis - Could not safely identify store assignment for repository candidate interface com.wearltnow.repository.PaymentRepository; If you want this repository to be a Redis repository, consider annotating your entities with one of these annotations: org.springframework.data.redis.core.RedisHash (preferred), or consider extending one of the following types with your repository: org.springframework.data.keyvalue.repository.KeyValueRepository
2025-07-13T00:02:17.423+07:00  INFO 8164 --- [wearItnow-test] [           main] .RepositoryConfigurationExtensionSupport : Spring Data Redis - Could not safely identify store assignment for repository candidate interface com.wearltnow.repository.PaymentTypeRepository; If you want this repository to be a Redis repository, consider annotating your entities with one of these annotations: org.springframework.data.redis.core.RedisHash (preferred), or consider extending one of the following types with your repository: org.springframework.data.keyvalue.repository.KeyValueRepository
2025-07-13T00:02:17.423+07:00  INFO 8164 --- [wearItnow-test] [           main] .RepositoryConfigurationExtensionSupport : Spring Data Redis - Could not safely identify store assignment for repository candidate interface com.wearltnow.repository.PermissionRepository; If you want this repository to be a Redis repository, consider annotating your entities with one of these annotations: org.springframework.data.redis.core.RedisHash (preferred), or consider extending one of the following types with your repository: org.springframework.data.keyvalue.repository.KeyValueRepository
2025-07-13T00:02:17.424+07:00  INFO 8164 --- [wearItnow-test] [           main] .RepositoryConfigurationExtensionSupport : Spring Data Redis - Could not safely identify store assignment for repository candidate interface com.wearltnow.repository.PriceRepository; If you want this repository to be a Redis repository, consider annotating your entities with one of these annotations: org.springframework.data.redis.core.RedisHash (preferred), or consider extending one of the following types with your repository: org.springframework.data.keyvalue.repository.KeyValueRepository
2025-07-13T00:02:17.424+07:00  INFO 8164 --- [wearItnow-test] [           main] .RepositoryConfigurationExtensionSupport : Spring Data Redis - Could not safely identify store assignment for repository candidate interface com.wearltnow.repository.ProductCommentRepository; If you want this repository to be a Redis repository, consider annotating your entities with one of these annotations: org.springframework.data.redis.core.RedisHash (preferred), or consider extending one of the following types with your repository: org.springframework.data.keyvalue.repository.KeyValueRepository
2025-07-13T00:02:17.424+07:00  INFO 8164 --- [wearItnow-test] [           main] .RepositoryConfigurationExtensionSupport : Spring Data Redis - Could not safely identify store assignment for repository candidate interface com.wearltnow.repository.ProductFavoriteRepository; If you want this repository to be a Redis repository, consider annotating your entities with one of these annotations: org.springframework.data.redis.core.RedisHash (preferred), or consider extending one of the following types with your repository: org.springframework.data.keyvalue.repository.KeyValueRepository
2025-07-13T00:02:17.424+07:00  INFO 8164 --- [wearItnow-test] [           main] .RepositoryConfigurationExtensionSupport : Spring Data Redis - Could not safely identify store assignment for repository candidate interface com.wearltnow.repository.ProductImageRepository; If you want this repository to be a Redis repository, consider annotating your entities with one of these annotations: org.springframework.data.redis.core.RedisHash (preferred), or consider extending one of the following types with your repository: org.springframework.data.keyvalue.repository.KeyValueRepository
2025-07-13T00:02:17.424+07:00  INFO 8164 --- [wearItnow-test] [           main] .RepositoryConfigurationExtensionSupport : Spring Data Redis - Could not safely identify store assignment for repository candidate interface com.wearltnow.repository.ProductInventoryRepository; If you want this repository to be a Redis repository, consider annotating your entities with one of these annotations: org.springframework.data.redis.core.RedisHash (preferred), or consider extending one of the following types with your repository: org.springframework.data.keyvalue.repository.KeyValueRepository
2025-07-13T00:02:17.424+07:00  INFO 8164 --- [wearItnow-test] [           main] .RepositoryConfigurationExtensionSupport : Spring Data Redis - Could not safely identify store assignment for repository candidate interface com.wearltnow.repository.ProductPriceRepository; If you want this repository to be a Redis repository, consider annotating your entities with one of these annotations: org.springframework.data.redis.core.RedisHash (preferred), or consider extending one of the following types with your repository: org.springframework.data.keyvalue.repository.KeyValueRepository
2025-07-13T00:02:17.424+07:00  INFO 8164 --- [wearItnow-test] [           main] .RepositoryConfigurationExtensionSupport : Spring Data Redis - Could not safely identify store assignment for repository candidate interface com.wearltnow.repository.ProductRepository; If you want this repository to be a Redis repository, consider annotating your entities with one of these annotations: org.springframework.data.redis.core.RedisHash (preferred), or consider extending one of the following types with your repository: org.springframework.data.keyvalue.repository.KeyValueRepository
2025-07-13T00:02:17.424+07:00  INFO 8164 --- [wearItnow-test] [           main] .RepositoryConfigurationExtensionSupport : Spring Data Redis - Could not safely identify store assignment for repository candidate interface com.wearltnow.repository.RoleRepository; If you want this repository to be a Redis repository, consider annotating your entities with one of these annotations: org.springframework.data.redis.core.RedisHash (preferred), or consider extending one of the following types with your repository: org.springframework.data.keyvalue.repository.KeyValueRepository
2025-07-13T00:02:17.424+07:00  INFO 8164 --- [wearItnow-test] [           main] .RepositoryConfigurationExtensionSupport : Spring Data Redis - Could not safely identify store assignment for repository candidate interface com.wearltnow.repository.StatisticsRepository; If you want this repository to be a Redis repository, consider annotating your entities with one of these annotations: org.springframework.data.redis.core.RedisHash (preferred), or consider extending one of the following types with your repository: org.springframework.data.keyvalue.repository.KeyValueRepository
2025-07-13T00:02:17.424+07:00  INFO 8164 --- [wearItnow-test] [           main] .RepositoryConfigurationExtensionSupport : Spring Data Redis - Could not safely identify store assignment for repository candidate interface com.wearltnow.repository.SupplierRepository; If you want this repository to be a Redis repository, consider annotating your entities with one of these annotations: org.springframework.data.redis.core.RedisHash (preferred), or consider extending one of the following types with your repository: org.springframework.data.keyvalue.repository.KeyValueRepository
2025-07-13T00:02:17.424+07:00  INFO 8164 --- [wearItnow-test] [           main] .RepositoryConfigurationExtensionSupport : Spring Data Redis - Could not safely identify store assignment for repository candidate interface com.wearltnow.repository.UserAddressGroupRepository; If you want this repository to be a Redis repository, consider annotating your entities with one of these annotations: org.springframework.data.redis.core.RedisHash (preferred), or consider extending one of the following types with your repository: org.springframework.data.keyvalue.repository.KeyValueRepository
2025-07-13T00:02:17.424+07:00  INFO 8164 --- [wearItnow-test] [           main] .RepositoryConfigurationExtensionSupport : Spring Data Redis - Could not safely identify store assignment for repository candidate interface com.wearltnow.repository.UserGroupRepository; If you want this repository to be a Redis repository, consider annotating your entities with one of these annotations: org.springframework.data.redis.core.RedisHash (preferred), or consider extending one of the following types with your repository: org.springframework.data.keyvalue.repository.KeyValueRepository
2025-07-13T00:02:17.424+07:00  INFO 8164 --- [wearItnow-test] [           main] .RepositoryConfigurationExtensionSupport : Spring Data Redis - Could not safely identify store assignment for repository candidate interface com.wearltnow.repository.UserRepository; If you want this repository to be a Redis repository, consider annotating your entities with one of these annotations: org.springframework.data.redis.core.RedisHash (preferred), or consider extending one of the following types with your repository: org.springframework.data.keyvalue.repository.KeyValueRepository
2025-07-13T00:02:17.424+07:00  INFO 8164 --- [wearItnow-test] [           main] .RepositoryConfigurationExtensionSupport : Spring Data Redis - Could not safely identify store assignment for repository candidate interface com.wearltnow.repository.UserRoleRepository; If you want this repository to be a Redis repository, consider annotating your entities with one of these annotations: org.springframework.data.redis.core.RedisHash (preferred), or consider extending one of the following types with your repository: org.springframework.data.keyvalue.repository.KeyValueRepository
2025-07-13T00:02:17.424+07:00  INFO 8164 --- [wearItnow-test] [           main] .s.d.r.c.RepositoryConfigurationDelegate : Finished Spring Data repository scanning in 13 ms. Found 0 Redis repository interfaces.
2025-07-13T00:02:17.609+07:00  INFO 8164 --- [wearItnow-test] [           main] o.hibernate.jpa.internal.util.LogHelper  : HHH000204: Processing PersistenceUnitInfo [name: default]
2025-07-13T00:02:17.612+07:00  INFO 8164 --- [wearItnow-test] [           main] o.h.c.internal.RegionFactoryInitiator    : HHH000026: Second-level cache disabled
2025-07-13T00:02:17.620+07:00  INFO 8164 --- [wearItnow-test] [           main] o.s.o.j.p.SpringPersistenceUnitInfo      : No LoadTimeWeaver setup: ignoring JPA class transformer
2025-07-13T00:02:17.621+07:00  INFO 8164 --- [wearItnow-test] [           main] com.zaxxer.hikari.HikariDataSource       : HikariPool-4 - Starting...
2025-07-13T00:02:17.622+07:00  INFO 8164 --- [wearItnow-test] [           main] com.zaxxer.hikari.pool.HikariPool        : HikariPool-4 - Added connection conn30: url=jdbc:h2:mem:testdb user=SA
2025-07-13T00:02:17.622+07:00  INFO 8164 --- [wearItnow-test] [           main] com.zaxxer.hikari.HikariDataSource       : HikariPool-4 - Start completed.
2025-07-13T00:02:17.622+07:00  WARN 8164 --- [wearItnow-test] [           main] org.hibernate.dialect.Dialect            : HHH000511: The 2.2.224 version for [org.hibernate.dialect.MySQLDialect] is no longer supported, hence certain features may not work properly. The minimum supported version is 8.0.0. Check the community dialects project for available legacy versions.
2025-07-13T00:02:17.623+07:00  WARN 8164 --- [wearItnow-test] [           main] org.hibernate.orm.deprecation            : HHH90000025: MySQLDialect does not need to be specified explicitly using 'hibernate.dialect' (remove the property setting and it will be selected by default)
2025-07-13T00:02:17.957+07:00  INFO 8164 --- [wearItnow-test] [           main] o.h.e.t.j.p.i.JtaPlatformInitiator       : HHH000489: No JTA platform available (set 'hibernate.transaction.jta.platform' to enable JTA platform integration)
2025-07-13T00:02:17.957+07:00 DEBUG 8164 --- [wearItnow-test] [           main] org.hibernate.SQL                        : alter table cart_items drop foreign key FKpcttvuq4mxppo8sxggjtn5i2c
2025-07-13T00:02:17.958+07:00 DEBUG 8164 --- [wearItnow-test] [           main] org.hibernate.SQL                        : alter table carts drop foreign key FKmuvcfw4jxigtiofyll24silpp
2025-07-13T00:02:17.959+07:00 DEBUG 8164 --- [wearItnow-test] [           main] org.hibernate.SQL                        : alter table categories drop foreign key FKsaok720gsu4u2wrgbk10b5n8d
2025-07-13T00:02:17.959+07:00 DEBUG 8164 --- [wearItnow-test] [           main] org.hibernate.SQL                        : alter table categories drop foreign key FK1bae5fr81rmpqdhm707b9th6
2025-07-13T00:02:17.959+07:00 DEBUG 8164 --- [wearItnow-test] [           main] org.hibernate.SQL                        : alter table discount_code_users drop foreign key FKoxrjbcxkykat33768wtirmq51
2025-07-13T00:02:17.959+07:00 DEBUG 8164 --- [wearItnow-test] [           main] org.hibernate.SQL                        : alter table discount_code_users drop foreign key FKctisrgh9bxyibg1igkwhf8o0g
2025-07-13T00:02:17.959+07:00 DEBUG 8164 --- [wearItnow-test] [           main] org.hibernate.SQL                        : alter table discount_codes drop foreign key FKnck3wibgxr1yav4u02ubj8qw7
2025-07-13T00:02:17.960+07:00 DEBUG 8164 --- [wearItnow-test] [           main] org.hibernate.SQL                        : alter table discount_prices drop foreign key FKt0n8kweggje91gfkbkoccdy4m
2025-07-13T00:02:17.960+07:00 DEBUG 8164 --- [wearItnow-test] [           main] org.hibernate.SQL                        : alter table notifications drop foreign key FK9y21adhxn0ayjhfocscqox7bh
2025-07-13T00:02:17.960+07:00 DEBUG 8164 --- [wearItnow-test] [           main] org.hibernate.SQL                        : alter table order_details drop foreign key FKjyu2qbqt8gnvno9oe9j2s2ldk
2025-07-13T00:02:17.960+07:00 DEBUG 8164 --- [wearItnow-test] [           main] org.hibernate.SQL                        : alter table order_details drop foreign key FK4q98utpd73imf4yhttm3w0eax
2025-07-13T00:02:17.960+07:00 DEBUG 8164 --- [wearItnow-test] [           main] org.hibernate.SQL                        : alter table orders drop foreign key FK8aol9f99s97mtyhij0tvfj41f
2025-07-13T00:02:17.960+07:00 DEBUG 8164 --- [wearItnow-test] [           main] org.hibernate.SQL                        : alter table orders drop foreign key FK32ql8ubntj5uh44ph9659tiih
2025-07-13T00:02:17.960+07:00 DEBUG 8164 --- [wearItnow-test] [           main] org.hibernate.SQL                        : alter table payments drop foreign key FKrax3c0bm2lpch6m7sh19um7sp
2025-07-13T00:02:17.960+07:00 DEBUG 8164 --- [wearItnow-test] [           main] org.hibernate.SQL                        : alter table product_comments drop foreign key FKlvw9kwav1pell1wg6xo0dmme6
2025-07-13T00:02:17.960+07:00 DEBUG 8164 --- [wearItnow-test] [           main] org.hibernate.SQL                        : alter table product_comments drop foreign key FKgl4kke0pjaht09vx7wilce0n0
2025-07-13T00:02:17.961+07:00 DEBUG 8164 --- [wearItnow-test] [           main] org.hibernate.SQL                        : alter table product_favorites drop foreign key FKpkyejd2ayy5cedwdmsanhxeg8
2025-07-13T00:02:17.961+07:00 DEBUG 8164 --- [wearItnow-test] [           main] org.hibernate.SQL                        : alter table product_favorites drop foreign key FKj4ki7h1gwbpxl7la1tx32wc8
2025-07-13T00:02:17.961+07:00 DEBUG 8164 --- [wearItnow-test] [           main] org.hibernate.SQL                        : alter table product_images drop foreign key FKqnq71xsohugpqwf3c9gxmsuy
2025-07-13T00:02:17.961+07:00 DEBUG 8164 --- [wearItnow-test] [           main] org.hibernate.SQL                        : alter table product_inventories drop foreign key FK53md215ibhaod6dw7af2qussf
2025-07-13T00:02:17.961+07:00 DEBUG 8164 --- [wearItnow-test] [           main] org.hibernate.SQL                        : alter table product_prices drop foreign key FK30175afwi2hs6x7xa5rtxpv9c
2025-07-13T00:02:17.961+07:00 DEBUG 8164 --- [wearItnow-test] [           main] org.hibernate.SQL                        : alter table product_prices drop foreign key FKo21ew0lemtpkoyly3vm1mq925
2025-07-13T00:02:17.962+07:00 DEBUG 8164 --- [wearItnow-test] [           main] org.hibernate.SQL                        : alter table products drop foreign key FKog2rp4qthbtt2lfyhfo32lsw9
2025-07-13T00:02:17.962+07:00 DEBUG 8164 --- [wearItnow-test] [           main] org.hibernate.SQL                        : alter table roles_permissions drop foreign key FK9u1xpvjxbdnkca024o6fyr7uu
2025-07-13T00:02:17.962+07:00 DEBUG 8164 --- [wearItnow-test] [           main] org.hibernate.SQL                        : alter table roles_permissions drop foreign key FK6nw4jrj1tuu04j9rk7xwfssd6
2025-07-13T00:02:17.962+07:00 DEBUG 8164 --- [wearItnow-test] [           main] org.hibernate.SQL                        : alter table user_address_group drop foreign key FKeg8q2dxj9majlc3o8iut82xuv
2025-07-13T00:02:17.962+07:00 DEBUG 8164 --- [wearItnow-test] [           main] org.hibernate.SQL                        : alter table users drop foreign key FK5exbg1aqwx4y94fk3md3ji5sf
2025-07-13T00:02:17.962+07:00 DEBUG 8164 --- [wearItnow-test] [           main] org.hibernate.SQL                        : alter table users_roles drop foreign key FKmi9sfx618v14gm89cyw408hqu
2025-07-13T00:02:17.963+07:00 DEBUG 8164 --- [wearItnow-test] [           main] org.hibernate.SQL                        : alter table users_roles drop foreign key FK27iuqlfirca39l6y61p4p4qo2
2025-07-13T00:02:17.963+07:00 DEBUG 8164 --- [wearItnow-test] [           main] org.hibernate.SQL                        : drop table if exists cart_items
2025-07-13T00:02:17.963+07:00 DEBUG 8164 --- [wearItnow-test] [           main] org.hibernate.SQL                        : drop table if exists carts
2025-07-13T00:02:17.963+07:00 DEBUG 8164 --- [wearItnow-test] [           main] org.hibernate.SQL                        : drop table if exists categories
2025-07-13T00:02:17.964+07:00 DEBUG 8164 --- [wearItnow-test] [           main] org.hibernate.SQL                        : drop table if exists discount_code_users
2025-07-13T00:02:17.964+07:00 DEBUG 8164 --- [wearItnow-test] [           main] org.hibernate.SQL                        : drop table if exists discount_codes
2025-07-13T00:02:17.964+07:00 DEBUG 8164 --- [wearItnow-test] [           main] org.hibernate.SQL                        : drop table if exists discount_prices
2025-07-13T00:02:17.964+07:00 DEBUG 8164 --- [wearItnow-test] [           main] org.hibernate.SQL                        : drop table if exists invalidated_token
2025-07-13T00:02:17.965+07:00 DEBUG 8164 --- [wearItnow-test] [           main] org.hibernate.SQL                        : drop table if exists notifications
2025-07-13T00:02:17.965+07:00 DEBUG 8164 --- [wearItnow-test] [           main] org.hibernate.SQL                        : drop table if exists order_details
2025-07-13T00:02:17.966+07:00 DEBUG 8164 --- [wearItnow-test] [           main] org.hibernate.SQL                        : drop table if exists orders
2025-07-13T00:02:17.966+07:00 DEBUG 8164 --- [wearItnow-test] [           main] org.hibernate.SQL                        : drop table if exists payment_types
2025-07-13T00:02:17.966+07:00 DEBUG 8164 --- [wearItnow-test] [           main] org.hibernate.SQL                        : drop table if exists payments
2025-07-13T00:02:17.966+07:00 DEBUG 8164 --- [wearItnow-test] [           main] org.hibernate.SQL                        : drop table if exists permissions
2025-07-13T00:02:17.967+07:00 DEBUG 8164 --- [wearItnow-test] [           main] org.hibernate.SQL                        : drop table if exists prices
2025-07-13T00:02:17.967+07:00 DEBUG 8164 --- [wearItnow-test] [           main] org.hibernate.SQL                        : drop table if exists product_comments
2025-07-13T00:02:17.967+07:00 DEBUG 8164 --- [wearItnow-test] [           main] org.hibernate.SQL                        : drop table if exists product_favorites
2025-07-13T00:02:17.967+07:00 DEBUG 8164 --- [wearItnow-test] [           main] org.hibernate.SQL                        : drop table if exists product_images
2025-07-13T00:02:17.968+07:00 DEBUG 8164 --- [wearItnow-test] [           main] org.hibernate.SQL                        : drop table if exists product_inventories
2025-07-13T00:02:17.968+07:00 DEBUG 8164 --- [wearItnow-test] [           main] org.hibernate.SQL                        : drop table if exists product_prices
2025-07-13T00:02:17.968+07:00 DEBUG 8164 --- [wearItnow-test] [           main] org.hibernate.SQL                        : drop table if exists products
2025-07-13T00:02:17.968+07:00 DEBUG 8164 --- [wearItnow-test] [           main] org.hibernate.SQL                        : drop table if exists roles
2025-07-13T00:02:17.968+07:00 DEBUG 8164 --- [wearItnow-test] [           main] org.hibernate.SQL                        : drop table if exists roles_permissions
2025-07-13T00:02:17.968+07:00 DEBUG 8164 --- [wearItnow-test] [           main] org.hibernate.SQL                        : drop table if exists suppliers
2025-07-13T00:02:17.968+07:00 DEBUG 8164 --- [wearItnow-test] [           main] org.hibernate.SQL                        : drop table if exists user_address_group
2025-07-13T00:02:17.970+07:00 DEBUG 8164 --- [wearItnow-test] [           main] org.hibernate.SQL                        : drop table if exists user_groups
2025-07-13T00:02:17.970+07:00 DEBUG 8164 --- [wearItnow-test] [           main] org.hibernate.SQL                        : drop table if exists users
2025-07-13T00:02:17.970+07:00 DEBUG 8164 --- [wearItnow-test] [           main] org.hibernate.SQL                        : drop table if exists users_roles
2025-07-13T00:02:17.970+07:00 DEBUG 8164 --- [wearItnow-test] [           main] org.hibernate.SQL                        : create table cart_items (quantity integer not null, cart_id bigint, cart_item_id bigint not null auto_increment, product_id bigint, color varchar(255), size varchar(255), primary key (cart_item_id)) engine=InnoDB
2025-07-13T00:02:17.971+07:00 DEBUG 8164 --- [wearItnow-test] [           main] org.hibernate.SQL                        : create table carts (deleted bit not null, cart_id bigint not null auto_increment, created_at datetime(6), updated_at datetime(6), user_user_id bigint, created_by varchar(255), updated_by varchar(255), primary key (cart_id)) engine=InnoDB
2025-07-13T00:02:17.972+07:00 DEBUG 8164 --- [wearItnow-test] [           main] org.hibernate.SQL                        : create table categories (deleted bit not null, status bit, category_id bigint not null auto_increment, created_at datetime(6), parent_id bigint, supplier_id bigint not null, updated_at datetime(6), created_by varchar(255), description varchar(255), image varchar(255), name varchar(255), slug varchar(255), updated_by varchar(255), primary key (category_id)) engine=InnoDB
2025-07-13T00:02:17.973+07:00 DEBUG 8164 --- [wearItnow-test] [           main] org.hibernate.SQL                        : create table discount_code_users (discount_code_id bigint not null, user_id bigint not null, primary key (discount_code_id, user_id)) engine=InnoDB
2025-07-13T00:02:17.973+07:00 DEBUG 8164 --- [wearItnow-test] [           main] org.hibernate.SQL                        : create table discount_codes (amount decimal(38,2) not null, deleted bit not null, min_order_value decimal(38,2), created_at datetime(6), end_date datetime(6) not null, id bigint not null auto_increment, start_date datetime(6) not null, updated_at datetime(6), usage_limit bigint, user_group_id bigint, code varchar(255) not null, created_by varchar(255), updated_by varchar(255), status enum ('ACTIVE','INACTIVE') not null, type enum ('FIXED','PERCENTAGE') not null, primary key (id)) engine=InnoDB
2025-07-13T00:02:17.974+07:00 DEBUG 8164 --- [wearItnow-test] [           main] org.hibernate.SQL                        : create table discount_prices (deleted bit not null, discount_rate float(53) not null, end_date date not null, start_date date not null, created_at datetime(6), id bigint not null auto_increment, product_id bigint not null, updated_at datetime(6), created_by varchar(255), updated_by varchar(255), primary key (id)) engine=InnoDB
2025-07-13T00:02:17.974+07:00 DEBUG 8164 --- [wearItnow-test] [           main] org.hibernate.SQL                        : create table invalidated_token (expiry_time datetime(6), id varchar(255) not null, primary key (id)) engine=InnoDB
2025-07-13T00:02:17.975+07:00 DEBUG 8164 --- [wearItnow-test] [           main] org.hibernate.SQL                        : create table notifications (deleted bit not null, created_at datetime(6), id bigint not null auto_increment, updated_at datetime(6), user_id bigint, created_by varchar(255), message varchar(255), status varchar(255), type varchar(255), updated_by varchar(255), primary key (id)) engine=InnoDB
2025-07-13T00:02:17.975+07:00 DEBUG 8164 --- [wearItnow-test] [           main] org.hibernate.SQL                        : create table order_details (deleted bit not null, price decimal(38,2), quantity integer not null, created_at datetime(6), order_detail_id bigint not null auto_increment, order_id bigint, product_id bigint, updated_at datetime(6), color varchar(255), created_by varchar(255), size varchar(255), updated_by varchar(255), primary key (order_detail_id)) engine=InnoDB
2025-07-13T00:02:17.976+07:00 DEBUG 8164 --- [wearItnow-test] [           main] org.hibernate.SQL                        : create table orders (deleted bit not null, discount_amount decimal(38,2), order_amount decimal(38,2), order_total decimal(38,2), shipping_fee decimal(38,2), created_at datetime(6), order_id bigint not null auto_increment, payment_id bigint, updated_at datetime(6), user_id bigint, created_by varchar(255), expected_delivery_time varchar(255), order_code varchar(255), status varchar(255), updated_by varchar(255), primary key (order_id)) engine=InnoDB
2025-07-13T00:02:17.976+07:00 DEBUG 8164 --- [wearItnow-test] [           main] org.hibernate.SQL                        : create table payment_types (deleted bit not null, created_at datetime(6), payment_type_id bigint not null auto_increment, updated_at datetime(6), created_by varchar(255), name varchar(255), updated_by varchar(255), primary key (payment_type_id)) engine=InnoDB
2025-07-13T00:02:17.977+07:00 DEBUG 8164 --- [wearItnow-test] [           main] org.hibernate.SQL                        : create table payments (amount decimal(38,2), deleted bit not null, created_at datetime(6), payment_id bigint not null auto_increment, payment_time datetime(6), payment_type_id bigint, updated_at datetime(6), created_by varchar(255), payment_status varchar(255), updated_by varchar(255), primary key (payment_id)) engine=InnoDB
2025-07-13T00:02:17.977+07:00 DEBUG 8164 --- [wearItnow-test] [           main] org.hibernate.SQL                        : create table permissions (deleted bit not null, created_at datetime(6), updated_at datetime(6), created_by varchar(255), description varchar(255), name varchar(255) not null, updated_by varchar(255), primary key (name)) engine=InnoDB
2025-07-13T00:02:17.978+07:00 DEBUG 8164 --- [wearItnow-test] [           main] org.hibernate.SQL                        : create table prices (deleted bit not null, end_date date not null, start_date date not null, created_at datetime(6), id bigint not null auto_increment, updated_at datetime(6), code varchar(255) not null, created_by varchar(255), name varchar(255) not null, updated_by varchar(255), primary key (id)) engine=InnoDB
2025-07-13T00:02:17.978+07:00 DEBUG 8164 --- [wearItnow-test] [           main] org.hibernate.SQL                        : create table product_comments (deleted bit not null, rate integer, comment_id bigint not null auto_increment, created_at datetime(6), parent_id bigint, product_id bigint, updated_at datetime(6), user_id bigint not null, content TEXT not null, created_by varchar(255), updated_by varchar(255), primary key (comment_id)) engine=InnoDB
2025-07-13T00:02:17.978+07:00 DEBUG 8164 --- [wearItnow-test] [           main] org.hibernate.SQL                        : create table product_favorites (deleted bit not null, created_at datetime(6), id bigint not null auto_increment, product_id bigint not null, updated_at datetime(6), user_id bigint not null, created_by varchar(255), updated_by varchar(255), primary key (id)) engine=InnoDB
2025-07-13T00:02:17.978+07:00 DEBUG 8164 --- [wearItnow-test] [           main] org.hibernate.SQL                        : create table product_images (image_id bigint not null auto_increment, product_id bigint, image_url varchar(255), primary key (image_id)) engine=InnoDB
2025-07-13T00:02:17.980+07:00 DEBUG 8164 --- [wearItnow-test] [           main] org.hibernate.SQL                        : create table product_inventories (deleted bit not null, purchase_price decimal(38,2) not null, quantity integer, created_at datetime(6), product_id bigint not null, product_inventory_id bigint not null auto_increment, updated_at datetime(6), color varchar(255), created_by varchar(255), size varchar(255), updated_by varchar(255), primary key (product_inventory_id)) engine=InnoDB
2025-07-13T00:02:17.980+07:00 DEBUG 8164 --- [wearItnow-test] [           main] org.hibernate.SQL                        : create table product_prices (deleted bit not null, price_value float(53) not null, created_at datetime(6), id bigint not null auto_increment, price_id bigint not null, product_id bigint not null, updated_at datetime(6), created_by varchar(255), updated_by varchar(255), primary key (id)) engine=InnoDB
2025-07-13T00:02:17.980+07:00 DEBUG 8164 --- [wearItnow-test] [           main] org.hibernate.SQL                        : create table products (deleted bit not null, price float(53), category_id bigint, created_at datetime(6), product_id bigint not null auto_increment, updated_at datetime(6), created_by varchar(255), description varchar(255), image varchar(255), name varchar(255), updated_by varchar(255), primary key (product_id)) engine=InnoDB
2025-07-13T00:02:17.981+07:00 DEBUG 8164 --- [wearItnow-test] [           main] org.hibernate.SQL                        : create table roles (deleted bit not null, created_at datetime(6), updated_at datetime(6), created_by varchar(255), description varchar(255), name varchar(255) not null, updated_by varchar(255), primary key (name)) engine=InnoDB
2025-07-13T00:02:17.981+07:00 DEBUG 8164 --- [wearItnow-test] [           main] org.hibernate.SQL                        : create table roles_permissions (permissions_name varchar(255) not null, role_name varchar(255) not null, primary key (permissions_name, role_name)) engine=InnoDB
2025-07-13T00:02:17.981+07:00 DEBUG 8164 --- [wearItnow-test] [           main] org.hibernate.SQL                        : create table suppliers (deleted bit not null, created_at datetime(6), supplier_id bigint not null auto_increment, updated_at datetime(6), contact_person varchar(255), created_by varchar(255), description varchar(255), email varchar(255), name varchar(255), phone varchar(255), tax_code varchar(255), updated_by varchar(255), website varchar(255), primary key (supplier_id)) engine=InnoDB
2025-07-13T00:02:17.982+07:00 DEBUG 8164 --- [wearItnow-test] [           main] org.hibernate.SQL                        : create table user_address_group (deleted bit not null, id integer not null auto_increment, is_active bit, to_district_id integer, to_province_id integer, created_at datetime(6), updated_at datetime(6), user_id bigint not null, created_by varchar(255), to_address varchar(255), to_district_name varchar(255), to_name varchar(255), to_phone varchar(255), to_province_name varchar(255), to_ward_code varchar(255), to_ward_name varchar(255), updated_by varchar(255), primary key (id)) engine=InnoDB
2025-07-13T00:02:17.982+07:00 DEBUG 8164 --- [wearItnow-test] [           main] org.hibernate.SQL                        : create table user_groups (deleted bit not null, created_at datetime(6), id bigint not null auto_increment, updated_at datetime(6), created_by varchar(255), name varchar(255) not null, updated_by varchar(255), primary key (id)) engine=InnoDB
2025-07-13T00:02:17.983+07:00 DEBUG 8164 --- [wearItnow-test] [           main] org.hibernate.SQL                        : create table users (deleted bit not null, dob date, gender bit, created_at datetime(6), updated_at datetime(6), user_group_id bigint, user_id bigint not null auto_increment, created_by varchar(255), email varchar(255), firstname varchar(255), lastname varchar(255), password varchar(255), phone varchar(255), updated_by varchar(255), username varchar(255), primary key (user_id)) engine=InnoDB
2025-07-13T00:02:17.983+07:00 DEBUG 8164 --- [wearItnow-test] [           main] org.hibernate.SQL                        : create table users_roles (user_user_id bigint not null, roles_name varchar(255) not null, primary key (user_user_id, roles_name)) engine=InnoDB
2025-07-13T00:02:17.984+07:00 DEBUG 8164 --- [wearItnow-test] [           main] org.hibernate.SQL                        : alter table discount_codes add constraint UKekkk9piidfon0rluedtqr82uv unique (code)
2025-07-13T00:02:17.984+07:00 DEBUG 8164 --- [wearItnow-test] [           main] org.hibernate.SQL                        : alter table orders add constraint UKhaujdjk1ohmeixjhnhslchrp1 unique (payment_id)
2025-07-13T00:02:17.984+07:00 DEBUG 8164 --- [wearItnow-test] [           main] org.hibernate.SQL                        : alter table payments add constraint UKald5s62tvlf1s3bjped37mohm unique (payment_type_id)
2025-07-13T00:02:17.984+07:00 DEBUG 8164 --- [wearItnow-test] [           main] org.hibernate.SQL                        : alter table prices add constraint UKax64wmyr5b3cy1j277xqmn2f7 unique (code)
2025-07-13T00:02:17.985+07:00 DEBUG 8164 --- [wearItnow-test] [           main] org.hibernate.SQL                        : alter table prices add constraint UKchwwmhx9114lfnh8reqdjy64q unique (name)
2025-07-13T00:02:17.985+07:00 DEBUG 8164 --- [wearItnow-test] [           main] org.hibernate.SQL                        : alter table cart_items add constraint FKpcttvuq4mxppo8sxggjtn5i2c foreign key (cart_id) references carts (cart_id)
2025-07-13T00:02:17.986+07:00 DEBUG 8164 --- [wearItnow-test] [           main] org.hibernate.SQL                        : alter table carts add constraint FKmuvcfw4jxigtiofyll24silpp foreign key (user_user_id) references users (user_id)
2025-07-13T00:02:17.987+07:00 DEBUG 8164 --- [wearItnow-test] [           main] org.hibernate.SQL                        : alter table categories add constraint FKsaok720gsu4u2wrgbk10b5n8d foreign key (parent_id) references categories (category_id)
2025-07-13T00:02:17.987+07:00 DEBUG 8164 --- [wearItnow-test] [           main] org.hibernate.SQL                        : alter table categories add constraint FK1bae5fr81rmpqdhm707b9th6 foreign key (supplier_id) references suppliers (supplier_id)
2025-07-13T00:02:17.988+07:00 DEBUG 8164 --- [wearItnow-test] [           main] org.hibernate.SQL                        : alter table discount_code_users add constraint FKoxrjbcxkykat33768wtirmq51 foreign key (user_id) references users (user_id)
2025-07-13T00:02:17.989+07:00 DEBUG 8164 --- [wearItnow-test] [           main] org.hibernate.SQL                        : alter table discount_code_users add constraint FKctisrgh9bxyibg1igkwhf8o0g foreign key (discount_code_id) references discount_codes (id)
2025-07-13T00:02:17.989+07:00 DEBUG 8164 --- [wearItnow-test] [           main] org.hibernate.SQL                        : alter table discount_codes add constraint FKnck3wibgxr1yav4u02ubj8qw7 foreign key (user_group_id) references user_groups (id)
2025-07-13T00:02:17.990+07:00 DEBUG 8164 --- [wearItnow-test] [           main] org.hibernate.SQL                        : alter table discount_prices add constraint FKt0n8kweggje91gfkbkoccdy4m foreign key (product_id) references products (product_id)
2025-07-13T00:02:17.990+07:00 DEBUG 8164 --- [wearItnow-test] [           main] org.hibernate.SQL                        : alter table notifications add constraint FK9y21adhxn0ayjhfocscqox7bh foreign key (user_id) references users (user_id)
2025-07-13T00:02:17.992+07:00 DEBUG 8164 --- [wearItnow-test] [           main] org.hibernate.SQL                        : alter table order_details add constraint FKjyu2qbqt8gnvno9oe9j2s2ldk foreign key (order_id) references orders (order_id)
2025-07-13T00:02:17.993+07:00 DEBUG 8164 --- [wearItnow-test] [           main] org.hibernate.SQL                        : alter table order_details add constraint FK4q98utpd73imf4yhttm3w0eax foreign key (product_id) references products (product_id)
2025-07-13T00:02:17.993+07:00 DEBUG 8164 --- [wearItnow-test] [           main] org.hibernate.SQL                        : alter table orders add constraint FK8aol9f99s97mtyhij0tvfj41f foreign key (payment_id) references payments (payment_id)
2025-07-13T00:02:17.994+07:00 DEBUG 8164 --- [wearItnow-test] [           main] org.hibernate.SQL                        : alter table orders add constraint FK32ql8ubntj5uh44ph9659tiih foreign key (user_id) references users (user_id)
2025-07-13T00:02:17.995+07:00 DEBUG 8164 --- [wearItnow-test] [           main] org.hibernate.SQL                        : alter table payments add constraint FKrax3c0bm2lpch6m7sh19um7sp foreign key (payment_type_id) references payment_types (payment_type_id)
2025-07-13T00:02:17.996+07:00 DEBUG 8164 --- [wearItnow-test] [           main] org.hibernate.SQL                        : alter table product_comments add constraint FKlvw9kwav1pell1wg6xo0dmme6 foreign key (product_id) references products (product_id)
2025-07-13T00:02:17.996+07:00 DEBUG 8164 --- [wearItnow-test] [           main] org.hibernate.SQL                        : alter table product_comments add constraint FKgl4kke0pjaht09vx7wilce0n0 foreign key (user_id) references users (user_id)
2025-07-13T00:02:17.997+07:00 DEBUG 8164 --- [wearItnow-test] [           main] org.hibernate.SQL                        : alter table product_favorites add constraint FKpkyejd2ayy5cedwdmsanhxeg8 foreign key (product_id) references products (product_id)
2025-07-13T00:02:17.998+07:00 DEBUG 8164 --- [wearItnow-test] [           main] org.hibernate.SQL                        : alter table product_favorites add constraint FKj4ki7h1gwbpxl7la1tx32wc8 foreign key (user_id) references users (user_id)
2025-07-13T00:02:17.998+07:00 DEBUG 8164 --- [wearItnow-test] [           main] org.hibernate.SQL                        : alter table product_images add constraint FKqnq71xsohugpqwf3c9gxmsuy foreign key (product_id) references products (product_id)
2025-07-13T00:02:17.999+07:00 DEBUG 8164 --- [wearItnow-test] [           main] org.hibernate.SQL                        : alter table product_inventories add constraint FK53md215ibhaod6dw7af2qussf foreign key (product_id) references products (product_id)
2025-07-13T00:02:18.000+07:00 DEBUG 8164 --- [wearItnow-test] [           main] org.hibernate.SQL                        : alter table product_prices add constraint FK30175afwi2hs6x7xa5rtxpv9c foreign key (price_id) references prices (id)
2025-07-13T00:02:18.001+07:00 DEBUG 8164 --- [wearItnow-test] [           main] org.hibernate.SQL                        : alter table product_prices add constraint FKo21ew0lemtpkoyly3vm1mq925 foreign key (product_id) references products (product_id)
2025-07-13T00:02:18.002+07:00 DEBUG 8164 --- [wearItnow-test] [           main] org.hibernate.SQL                        : alter table products add constraint FKog2rp4qthbtt2lfyhfo32lsw9 foreign key (category_id) references categories (category_id)
2025-07-13T00:02:18.002+07:00 DEBUG 8164 --- [wearItnow-test] [           main] org.hibernate.SQL                        : alter table roles_permissions add constraint FK9u1xpvjxbdnkca024o6fyr7uu foreign key (permissions_name) references permissions (name)
2025-07-13T00:02:18.003+07:00 DEBUG 8164 --- [wearItnow-test] [           main] org.hibernate.SQL                        : alter table roles_permissions add constraint FK6nw4jrj1tuu04j9rk7xwfssd6 foreign key (role_name) references roles (name)
2025-07-13T00:02:18.004+07:00 DEBUG 8164 --- [wearItnow-test] [           main] org.hibernate.SQL                        : alter table user_address_group add constraint FKeg8q2dxj9majlc3o8iut82xuv foreign key (user_id) references users (user_id)
2025-07-13T00:02:18.005+07:00 DEBUG 8164 --- [wearItnow-test] [           main] org.hibernate.SQL                        : alter table users add constraint FK5exbg1aqwx4y94fk3md3ji5sf foreign key (user_group_id) references user_groups (id)
2025-07-13T00:02:18.005+07:00 DEBUG 8164 --- [wearItnow-test] [           main] org.hibernate.SQL                        : alter table users_roles add constraint FKmi9sfx618v14gm89cyw408hqu foreign key (roles_name) references roles (name)
2025-07-13T00:02:18.006+07:00 DEBUG 8164 --- [wearItnow-test] [           main] org.hibernate.SQL                        : alter table users_roles add constraint FK27iuqlfirca39l6y61p4p4qo2 foreign key (user_user_id) references users (user_id)
2025-07-13T00:02:18.007+07:00  INFO 8164 --- [wearItnow-test] [           main] j.LocalContainerEntityManagerFactoryBean : Initialized JPA EntityManagerFactory for persistence unit 'default'
2025-07-13T00:02:18.437+07:00  WARN 8164 --- [wearItnow-test] [           main] JpaBaseConfiguration$JpaWebConfiguration : spring.jpa.open-in-view is enabled by default. Therefore, database queries may be performed during view rendering. Explicitly configure spring.jpa.open-in-view to disable this warning
2025-07-13T00:02:18.452+07:00 DEBUG 8164 --- [wearItnow-test] [           main] o.s.w.s.s.s.WebSocketHandlerMapping      : Patterns [/ws/**] in 'stompWebSocketHandlerMapping'
2025-07-13T00:02:18.486+07:00 DEBUG 8164 --- [wearItnow-test] [           main] s.w.s.m.m.a.RequestMappingHandlerMapping : 119 mappings in 'requestMappingHandlerMapping'
2025-07-13T00:02:18.502+07:00 DEBUG 8164 --- [wearItnow-test] [           main] o.s.w.s.handler.SimpleUrlHandlerMapping  : Patterns [/webjars/**, /**] in 'resourceHandlerMapping'
2025-07-13T00:02:18.527+07:00 DEBUG 8164 --- [wearItnow-test] [           main] .WebSocketAnnotationMethodMessageHandler : 
	c.w.c.AuthenticationController:
	
2025-07-13T00:02:18.527+07:00 DEBUG 8164 --- [wearItnow-test] [           main] .WebSocketAnnotationMethodMessageHandler : 
	c.w.c.CartController:
	
2025-07-13T00:02:18.527+07:00 DEBUG 8164 --- [wearItnow-test] [           main] .WebSocketAnnotationMethodMessageHandler : 
	c.w.c.CategoryController:
	
2025-07-13T00:02:18.527+07:00 DEBUG 8164 --- [wearItnow-test] [           main] .WebSocketAnnotationMethodMessageHandler : 
	c.w.c.ChatController:
	{[MESSAGE],[/message]}: receivePublicMessaging(Message)
	{[MESSAGE],[/private-message]}: receivePrivateMessaging(Message)
2025-07-13T00:02:18.528+07:00 DEBUG 8164 --- [wearItnow-test] [           main] .WebSocketAnnotationMethodMessageHandler : 
	c.w.c.DiscountCodeController:
	
2025-07-13T00:02:18.528+07:00 DEBUG 8164 --- [wearItnow-test] [           main] .WebSocketAnnotationMethodMessageHandler : 
	c.w.c.DiscountPriceController:
	
2025-07-13T00:02:18.528+07:00 DEBUG 8164 --- [wearItnow-test] [           main] .WebSocketAnnotationMethodMessageHandler : 
	c.w.c.HomeController:
	
2025-07-13T00:02:18.528+07:00 DEBUG 8164 --- [wearItnow-test] [           main] .WebSocketAnnotationMethodMessageHandler : 
	c.w.c.NotificationController:
	
2025-07-13T00:02:18.528+07:00 DEBUG 8164 --- [wearItnow-test] [           main] .WebSocketAnnotationMethodMessageHandler : 
	c.w.c.OrderController:
	
2025-07-13T00:02:18.528+07:00 DEBUG 8164 --- [wearItnow-test] [           main] .WebSocketAnnotationMethodMessageHandler : 
	c.w.c.PaymentController:
	
2025-07-13T00:02:18.528+07:00 DEBUG 8164 --- [wearItnow-test] [           main] .WebSocketAnnotationMethodMessageHandler : 
	c.w.c.PermissionController:
	
2025-07-13T00:02:18.528+07:00 DEBUG 8164 --- [wearItnow-test] [           main] .WebSocketAnnotationMethodMessageHandler : 
	c.w.c.PriceController:
	
2025-07-13T00:02:18.528+07:00 DEBUG 8164 --- [wearItnow-test] [           main] .WebSocketAnnotationMethodMessageHandler : 
	c.w.c.ProductCommentController:
	
2025-07-13T00:02:18.528+07:00 DEBUG 8164 --- [wearItnow-test] [           main] .WebSocketAnnotationMethodMessageHandler : 
	c.w.c.ProductController:
	
2025-07-13T00:02:18.528+07:00 DEBUG 8164 --- [wearItnow-test] [           main] .WebSocketAnnotationMethodMessageHandler : 
	c.w.c.ProductFavoriteController:
	
2025-07-13T00:02:18.528+07:00 DEBUG 8164 --- [wearItnow-test] [           main] .WebSocketAnnotationMethodMessageHandler : 
	c.w.c.ProductInventoryController:
	
2025-07-13T00:02:18.528+07:00 DEBUG 8164 --- [wearItnow-test] [           main] .WebSocketAnnotationMethodMessageHandler : 
	c.w.c.ProductPriceController:
	
2025-07-13T00:02:18.528+07:00 DEBUG 8164 --- [wearItnow-test] [           main] .WebSocketAnnotationMethodMessageHandler : 
	c.w.c.RoleController:
	
2025-07-13T00:02:18.528+07:00 DEBUG 8164 --- [wearItnow-test] [           main] .WebSocketAnnotationMethodMessageHandler : 
	c.w.c.StatisticsController:
	
2025-07-13T00:02:18.528+07:00 DEBUG 8164 --- [wearItnow-test] [           main] .WebSocketAnnotationMethodMessageHandler : 
	c.w.c.SupplierController:
	
2025-07-13T00:02:18.528+07:00 DEBUG 8164 --- [wearItnow-test] [           main] .WebSocketAnnotationMethodMessageHandler : 
	c.w.c.UserAddressGroupController:
	
2025-07-13T00:02:18.528+07:00 DEBUG 8164 --- [wearItnow-test] [           main] .WebSocketAnnotationMethodMessageHandler : 
	c.w.c.UserController:
	
2025-07-13T00:02:18.528+07:00 DEBUG 8164 --- [wearItnow-test] [           main] .WebSocketAnnotationMethodMessageHandler : 
	c.w.c.UserGroupController:
	
2025-07-13T00:02:18.528+07:00 DEBUG 8164 --- [wearItnow-test] [           main] .WebSocketAnnotationMethodMessageHandler : 
	c.w.c.WebSocketController:
	{[MESSAGE],[/send-message]}: sendMessageToAdmin(MessageRequest)
2025-07-13T00:02:18.529+07:00 DEBUG 8164 --- [wearItnow-test] [           main] .WebSocketAnnotationMethodMessageHandler : 
	o.s.b.a.w.s.e.BasicErrorController:
	
2025-07-13T00:02:18.562+07:00 DEBUG 8164 --- [wearItnow-test] [           main] s.w.s.m.m.a.RequestMappingHandlerAdapter : ControllerAdvice beans: 0 @ModelAttribute, 0 @InitBinder, 1 RequestBodyAdvice, 1 ResponseBodyAdvice
2025-07-13T00:02:18.566+07:00 DEBUG 8164 --- [wearItnow-test] [           main] .m.m.a.ExceptionHandlerExceptionResolver : ControllerAdvice beans: 1 @ExceptionHandler, 1 ResponseBodyAdvice
2025-07-13T00:02:18.620+07:00 DEBUG 8164 --- [wearItnow-test] [           main] o.springframework.web.filter.CorsFilter  : Filter 'corsFilter' configured for use
2025-07-13T00:02:18.621+07:00  INFO 8164 --- [wearItnow-test] [           main] o.s.b.t.m.w.SpringBootMockServletContext : Initializing Spring TestDispatcherServlet ''
2025-07-13T00:02:18.621+07:00  INFO 8164 --- [wearItnow-test] [           main] o.s.t.web.servlet.TestDispatcherServlet  : Initializing Servlet ''
2025-07-13T00:02:18.621+07:00  INFO 8164 --- [wearItnow-test] [           main] o.s.t.web.servlet.TestDispatcherServlet  : Completed initialization in 0 ms
2025-07-13T00:02:18.627+07:00 DEBUG 8164 --- [wearItnow-test] [           main] org.springframework.web.SimpLogging      : clientOutboundChannel added SubProtocolWebSocketHandler[StompSubProtocolHandler[v10.stomp, v11.stomp, v12.stomp]]
2025-07-13T00:02:18.627+07:00 DEBUG 8164 --- [wearItnow-test] [           main] org.springframework.web.SimpLogging      : clientInboundChannel added WebSocketAnnotationMethodMessageHandler[prefixes=[/app/]]
2025-07-13T00:02:18.627+07:00  INFO 8164 --- [wearItnow-test] [           main] o.s.m.s.b.SimpleBrokerMessageHandler     : Starting...
2025-07-13T00:02:18.627+07:00 DEBUG 8164 --- [wearItnow-test] [           main] org.springframework.web.SimpLogging      : clientInboundChannel added SimpleBrokerMessageHandler [org.springframework.messaging.simp.broker.DefaultSubscriptionRegistry@128a8787]
2025-07-13T00:02:18.627+07:00 DEBUG 8164 --- [wearItnow-test] [           main] org.springframework.web.SimpLogging      : brokerChannel added SimpleBrokerMessageHandler [org.springframework.messaging.simp.broker.DefaultSubscriptionRegistry@128a8787]
2025-07-13T00:02:18.627+07:00  INFO 8164 --- [wearItnow-test] [           main] o.s.m.s.b.SimpleBrokerMessageHandler     : BrokerAvailabilityEvent[available=true, SimpleBrokerMessageHandler [org.springframework.messaging.simp.broker.DefaultSubscriptionRegistry@128a8787]]
2025-07-13T00:02:18.627+07:00  INFO 8164 --- [wearItnow-test] [           main] o.s.m.s.b.SimpleBrokerMessageHandler     : Started.
2025-07-13T00:02:18.627+07:00 DEBUG 8164 --- [wearItnow-test] [           main] org.springframework.web.SimpLogging      : clientInboundChannel added UserDestinationMessageHandler[DefaultUserDestinationResolver[prefix=/user/]]
2025-07-13T00:02:18.627+07:00 DEBUG 8164 --- [wearItnow-test] [           main] org.springframework.web.SimpLogging      : brokerChannel added UserDestinationMessageHandler[DefaultUserDestinationResolver[prefix=/user/]]
2025-07-13T00:02:18.630+07:00  INFO 8164 --- [wearItnow-test] [           main] c.w.controller.UserControllerTest        : Started UserControllerTest in 1.682 seconds (process running for 32.038)
2025-07-13T00:02:18.648+07:00 DEBUG 8164 --- [wearItnow-test] [           main] s.w.s.m.m.a.RequestMappingHandlerMapping : Mapped to com.wearltnow.controller.UserController#createUser(UserCreationRequest)
2025-07-13T00:02:18.658+07:00 DEBUG 8164 --- [wearItnow-test] [           main] m.m.a.RequestResponseBodyMethodProcessor : Read "application/json;charset=UTF-8" to [UserCreationRequest(username=te, password=12345678, lastname=test, firstname=test, phone=09824124512 (truncated)...]
2025-07-13T00:02:18.672+07:00 DEBUG 8164 --- [wearItnow-test] [           main] .m.m.a.ExceptionHandlerExceptionResolver : Using @ExceptionHandler com.wearltnow.exception.GlobalExceptionHandler#handlingValidation(MethodArgumentNotValidException)
2025-07-13T00:02:18.673+07:00 DEBUG 8164 --- [wearItnow-test] [           main] o.s.w.s.m.m.a.HttpEntityMethodProcessor  : Using 'application/json', given [*/*] and supported [application/json, application/*+json]
2025-07-13T00:02:18.674+07:00 DEBUG 8164 --- [wearItnow-test] [           main] o.s.w.s.m.m.a.HttpEntityMethodProcessor  : Writing [ApiResponse(code=422, message=Có lỗi xảy ra khi xác thực., result=null, errors={username=Tên tài kho (truncated)...]
2025-07-13T00:02:18.674+07:00 DEBUG 8164 --- [wearItnow-test] [           main] .m.m.a.ExceptionHandlerExceptionResolver : Resolved [org.springframework.web.bind.MethodArgumentNotValidException: Validation failed for argument [0] in com.wearltnow.dto.ApiResponse<com.wearltnow.dto.response.user.UserResponse> com.wearltnow.controller.UserController.createUser(com.wearltnow.dto.request.user.UserCreationRequest): [Field error in object 'userCreationRequest' on field 'username': rejected value [te]; codes [Size.userCreationRequest.username,Size.username,Size.java.lang.String,Size]; arguments [org.springframework.context.support.DefaultMessageSourceResolvable: codes [userCreationRequest.username,username]; arguments []; default message [username],2147483647,3]; default message [username.invalid]] ]
]]></system-out>
  </testcase>
  <testcase name="createUser_validRequest_success" classname="com.wearltnow.controller.UserControllerTest" time="0.026">
    <system-out><![CDATA[2025-07-13T00:02:18.681+07:00 DEBUG 8164 --- [wearItnow-test] [           main] s.w.s.m.m.a.RequestMappingHandlerMapping : Mapped to com.wearltnow.controller.UserController#createUser(UserCreationRequest)
2025-07-13T00:02:18.681+07:00 DEBUG 8164 --- [wearItnow-test] [           main] m.m.a.RequestResponseBodyMethodProcessor : Read "application/json;charset=UTF-8" to [UserCreationRequest(username=test, password=12345678, lastname=test, firstname=test, phone=098241245 (truncated)...]
2025-07-13T00:02:18.682+07:00 DEBUG 8164 --- [wearItnow-test] [           main] m.m.a.RequestResponseBodyMethodProcessor : Using 'application/json', given [*/*] and supported [application/json, application/*+json]
2025-07-13T00:02:18.687+07:00 DEBUG 8164 --- [wearItnow-test] [           main] m.m.a.RequestResponseBodyMethodProcessor : Writing [ApiResponse(code=1000, message=null, result=UserResponse(userId=12, username=test, lastname=test, fi (truncated)...]
]]></system-out>
  </testcase>
</testsuite>